31-May-2019 12:20:02.442 資訊 [main] org.apache.catalina.startup.VersionLoggerListener.log Server version name:   Apache Tomcat/9.0.17
31-May-2019 12:20:02.445 資訊 [main] org.apache.catalina.startup.VersionLoggerListener.log Server built:          Mar 13 2019 15:55:27 UTC
31-May-2019 12:20:02.446 資訊 [main] org.apache.catalina.startup.VersionLoggerListener.log Server version number: 9.0.17.0
31-May-2019 12:20:02.446 資訊 [main] org.apache.catalina.startup.VersionLoggerListener.log OS Name:               Windows 10
31-May-2019 12:20:02.447 資訊 [main] org.apache.catalina.startup.VersionLoggerListener.log OS Version:            10.0
31-May-2019 12:20:02.447 資訊 [main] org.apache.catalina.startup.VersionLoggerListener.log Architecture:          amd64
31-May-2019 12:20:02.447 資訊 [main] org.apache.catalina.startup.VersionLoggerListener.log Java Home:             C:\jdk1.8.0_201\jre
31-May-2019 12:20:02.447 資訊 [main] org.apache.catalina.startup.VersionLoggerListener.log JVM Version:           1.8.0_201-b09
31-May-2019 12:20:02.447 資訊 [main] org.apache.catalina.startup.VersionLoggerListener.log JVM Vendor:            Oracle Corporation
31-May-2019 12:20:02.448 資訊 [main] org.apache.catalina.startup.VersionLoggerListener.log CATALINA_BASE:         C:\DA101_WebApp\apache-tomcat-9.0.17
31-May-2019 12:20:02.448 資訊 [main] org.apache.catalina.startup.VersionLoggerListener.log CATALINA_HOME:         C:\DA101_WebApp\apache-tomcat-9.0.17
31-May-2019 12:20:02.448 資訊 [main] org.apache.catalina.startup.VersionLoggerListener.log Command line argument: -Djava.util.logging.config.file=C:\DA101_WebApp\apache-tomcat-9.0.17\conf\logging.properties
31-May-2019 12:20:02.449 資訊 [main] org.apache.catalina.startup.VersionLoggerListener.log Command line argument: -Djava.util.logging.manager=org.apache.juli.ClassLoaderLogManager
31-May-2019 12:20:02.449 資訊 [main] org.apache.catalina.startup.VersionLoggerListener.log Command line argument: -Djdk.tls.ephemeralDHKeySize=2048
31-May-2019 12:20:02.449 資訊 [main] org.apache.catalina.startup.VersionLoggerListener.log Command line argument: -Djava.protocol.handler.pkgs=org.apache.catalina.webresources
31-May-2019 12:20:02.449 資訊 [main] org.apache.catalina.startup.VersionLoggerListener.log Command line argument: -Dignore.endorsed.dirs=
31-May-2019 12:20:02.450 資訊 [main] org.apache.catalina.startup.VersionLoggerListener.log Command line argument: -Dcatalina.base=C:\DA101_WebApp\apache-tomcat-9.0.17
31-May-2019 12:20:02.450 資訊 [main] org.apache.catalina.startup.VersionLoggerListener.log Command line argument: -Dcatalina.home=C:\DA101_WebApp\apache-tomcat-9.0.17
31-May-2019 12:20:02.451 資訊 [main] org.apache.catalina.startup.VersionLoggerListener.log Command line argument: -Djava.io.tmpdir=C:\DA101_WebApp\apache-tomcat-9.0.17\temp
31-May-2019 12:20:02.451 資訊 [main] org.apache.catalina.core.AprLifecycleListener.lifecycleEvent The APR based Apache Tomcat Native library which allows optimal performance in production environments was not found on the java.library.path: [C:\jdk1.8.0_201\bin;C:\Windows\Sun\Java\bin;C:\Windows\system32;C:\Windows;C:\oraclexe\app\oracle\product\11.2.0\server\bin;;C:\jdk1.8.0_201\bin;C:\Program Files (x86)\Common Files\Oracle\Java\javapath;C:\Windows\system32;C:\Windows;C:\Windows\System32\Wbem;C:\Windows\System32\WindowsPowerShell\v1.0\;C:\Windows\System32\OpenSSH\;C:\Program Files\Crucial\Crucial Storage Executive;C:\PROGRA~2\IDMCOM~1\ULTRAE~1;.]
31-May-2019 12:20:02.606 資訊 [main] org.apache.coyote.AbstractProtocol.init Initializing ProtocolHandler ["http-nio-8081"]
31-May-2019 12:20:02.723 資訊 [main] org.apache.coyote.AbstractProtocol.init Initializing ProtocolHandler ["ajp-nio-8009"]
31-May-2019 12:20:02.725 資訊 [main] org.apache.catalina.startup.Catalina.load Server initialization in [674] milliseconds
31-May-2019 12:20:02.761 資訊 [main] org.apache.catalina.core.StandardService.startInternal Starting service [Catalina]
31-May-2019 12:20:02.761 資訊 [main] org.apache.catalina.core.StandardEngine.startInternal Starting Servlet engine: [Apache Tomcat/9.0.17]
31-May-2019 12:20:02.772 資訊 [main] org.apache.catalina.startup.HostConfig.deployDirectory Deploying web application directory [C:\DA101_WebApp\apache-tomcat-9.0.17\webapps\AjaxLab_Java_DA101]
31-May-2019 12:20:03.415 資訊 [main] org.apache.jasper.servlet.TldScanner.scanJars At least one JAR was scanned for TLDs yet contained no TLDs. Enable debug logging for this logger for a complete list of JARs that were scanned but no TLDs were found in them. Skipping unneeded JARs during scanning can improve startup time and JSP compilation time.
31-May-2019 12:20:03.452 資訊 [main] org.apache.catalina.startup.HostConfig.deployDirectory Deployment of web application directory [C:\DA101_WebApp\apache-tomcat-9.0.17\webapps\AjaxLab_Java_DA101] has finished in [680] ms
31-May-2019 12:20:03.454 資訊 [main] org.apache.catalina.startup.HostConfig.deployDirectory Deploying web application directory [C:\DA101_WebApp\apache-tomcat-9.0.17\webapps\AjaxLab_Java_DA101_C]
31-May-2019 12:20:03.735 資訊 [main] org.apache.jasper.servlet.TldScanner.scanJars At least one JAR was scanned for TLDs yet contained no TLDs. Enable debug logging for this logger for a complete list of JARs that were scanned but no TLDs were found in them. Skipping unneeded JARs during scanning can improve startup time and JSP compilation time.
31-May-2019 12:20:03.737 資訊 [main] org.apache.catalina.startup.HostConfig.deployDirectory Deployment of web application directory [C:\DA101_WebApp\apache-tomcat-9.0.17\webapps\AjaxLab_Java_DA101_C] has finished in [283] ms
31-May-2019 12:20:03.739 資訊 [main] org.apache.catalina.startup.HostConfig.deployDirectory Deploying web application directory [C:\DA101_WebApp\apache-tomcat-9.0.17\webapps\DataSource_JNDI]
31-May-2019 12:20:03.932 資訊 [main] org.apache.jasper.servlet.TldScanner.scanJars At least one JAR was scanned for TLDs yet contained no TLDs. Enable debug logging for this logger for a complete list of JARs that were scanned but no TLDs were found in them. Skipping unneeded JARs during scanning can improve startup time and JSP compilation time.
31-May-2019 12:20:03.935 資訊 [main] org.apache.catalina.startup.HostConfig.deployDirectory Deployment of web application directory [C:\DA101_WebApp\apache-tomcat-9.0.17\webapps\DataSource_JNDI] has finished in [196] ms
31-May-2019 12:20:03.935 資訊 [main] org.apache.catalina.startup.HostConfig.deployDirectory Deploying web application directory [C:\DA101_WebApp\apache-tomcat-9.0.17\webapps\docs]
31-May-2019 12:20:04.140 資訊 [main] org.apache.jasper.servlet.TldScanner.scanJars At least one JAR was scanned for TLDs yet contained no TLDs. Enable debug logging for this logger for a complete list of JARs that were scanned but no TLDs were found in them. Skipping unneeded JARs during scanning can improve startup time and JSP compilation time.
31-May-2019 12:20:04.143 資訊 [main] org.apache.catalina.startup.HostConfig.deployDirectory Deployment of web application directory [C:\DA101_WebApp\apache-tomcat-9.0.17\webapps\docs] has finished in [207] ms
31-May-2019 12:20:04.143 資訊 [main] org.apache.catalina.startup.HostConfig.deployDirectory Deploying web application directory [C:\DA101_WebApp\apache-tomcat-9.0.17\webapps\examples]
31-May-2019 12:20:05.214 資訊 [main] org.apache.jasper.servlet.TldScanner.scanJars At least one JAR was scanned for TLDs yet contained no TLDs. Enable debug logging for this logger for a complete list of JARs that were scanned but no TLDs were found in them. Skipping unneeded JARs during scanning can improve startup time and JSP compilation time.
31-May-2019 12:20:05.244 資訊 [main] org.apache.catalina.startup.HostConfig.deployDirectory Deployment of web application directory [C:\DA101_WebApp\apache-tomcat-9.0.17\webapps\examples] has finished in [1,100] ms
31-May-2019 12:20:05.245 資訊 [main] org.apache.catalina.startup.HostConfig.deployDirectory Deploying web application directory [C:\DA101_WebApp\apache-tomcat-9.0.17\webapps\host-manager]
31-May-2019 12:20:05.454 資訊 [main] org.apache.jasper.servlet.TldScanner.scanJars At least one JAR was scanned for TLDs yet contained no TLDs. Enable debug logging for this logger for a complete list of JARs that were scanned but no TLDs were found in them. Skipping unneeded JARs during scanning can improve startup time and JSP compilation time.
31-May-2019 12:20:05.458 資訊 [main] org.apache.catalina.startup.HostConfig.deployDirectory Deployment of web application directory [C:\DA101_WebApp\apache-tomcat-9.0.17\webapps\host-manager] has finished in [213] ms
31-May-2019 12:20:05.459 資訊 [main] org.apache.catalina.startup.HostConfig.deployDirectory Deploying web application directory [C:\DA101_WebApp\apache-tomcat-9.0.17\webapps\IBM_9]
31-May-2019 12:20:05.689 資訊 [main] org.apache.jasper.servlet.TldScanner.scanJars At least one JAR was scanned for TLDs yet contained no TLDs. Enable debug logging for this logger for a complete list of JARs that were scanned but no TLDs were found in them. Skipping unneeded JARs during scanning can improve startup time and JSP compilation time.
31-May-2019 12:20:05.692 資訊 [main] org.apache.catalina.startup.HostConfig.deployDirectory Deployment of web application directory [C:\DA101_WebApp\apache-tomcat-9.0.17\webapps\IBM_9] has finished in [233] ms
31-May-2019 12:20:05.692 資訊 [main] org.apache.catalina.startup.HostConfig.deployDirectory Deploying web application directory [C:\DA101_WebApp\apache-tomcat-9.0.17\webapps\manager]
31-May-2019 12:20:05.888 資訊 [main] org.apache.jasper.servlet.TldScanner.scanJars At least one JAR was scanned for TLDs yet contained no TLDs. Enable debug logging for this logger for a complete list of JARs that were scanned but no TLDs were found in them. Skipping unneeded JARs during scanning can improve startup time and JSP compilation time.
31-May-2019 12:20:05.891 資訊 [main] org.apache.catalina.startup.HostConfig.deployDirectory Deployment of web application directory [C:\DA101_WebApp\apache-tomcat-9.0.17\webapps\manager] has finished in [199] ms
31-May-2019 12:20:05.892 資訊 [main] org.apache.catalina.startup.HostConfig.deployDirectory Deploying web application directory [C:\DA101_WebApp\apache-tomcat-9.0.17\webapps\ROOT]
31-May-2019 12:20:06.119 資訊 [main] org.apache.jasper.servlet.TldScanner.scanJars At least one JAR was scanned for TLDs yet contained no TLDs. Enable debug logging for this logger for a complete list of JARs that were scanned but no TLDs were found in them. Skipping unneeded JARs during scanning can improve startup time and JSP compilation time.
31-May-2019 12:20:06.121 資訊 [main] org.apache.catalina.startup.HostConfig.deployDirectory Deployment of web application directory [C:\DA101_WebApp\apache-tomcat-9.0.17\webapps\ROOT] has finished in [229] ms
31-May-2019 12:20:06.125 資訊 [main] org.apache.coyote.AbstractProtocol.start Starting ProtocolHandler ["http-nio-8081"]
31-May-2019 12:20:06.132 資訊 [main] org.apache.coyote.AbstractProtocol.start Starting ProtocolHandler ["ajp-nio-8009"]
31-May-2019 12:20:06.135 資訊 [main] org.apache.catalina.startup.Catalina.start Server startup in [3,409] milliseconds
31-May-2019 12:22:55.244 資訊 [main] org.apache.catalina.core.StandardServer.await A valid shutdown command was received via the shutdown port. Stopping the Server instance.
31-May-2019 12:22:55.244 資訊 [main] org.apache.coyote.AbstractProtocol.pause Pausing ProtocolHandler ["http-nio-8081"]
31-May-2019 12:22:55.344 資訊 [main] org.apache.coyote.AbstractProtocol.pause Pausing ProtocolHandler ["ajp-nio-8009"]
31-May-2019 12:22:55.437 資訊 [main] org.apache.catalina.core.StandardService.stopInternal Stopping service [Catalina]
31-May-2019 12:22:55.468 資訊 [main] org.apache.coyote.AbstractProtocol.stop Stopping ProtocolHandler ["http-nio-8081"]
31-May-2019 12:22:55.470 資訊 [main] org.apache.coyote.AbstractProtocol.stop Stopping ProtocolHandler ["ajp-nio-8009"]
31-May-2019 12:22:55.472 資訊 [main] org.apache.coyote.AbstractProtocol.destroy Destroying ProtocolHandler ["http-nio-8081"]
31-May-2019 12:22:55.473 資訊 [main] org.apache.coyote.AbstractProtocol.destroy Destroying ProtocolHandler ["ajp-nio-8009"]
31-May-2019 20:11:58.860 資訊 [main] org.apache.catalina.startup.VersionLoggerListener.log Server version name:   Apache Tomcat/9.0.17
31-May-2019 20:11:58.865 資訊 [main] org.apache.catalina.startup.VersionLoggerListener.log Server built:          Mar 13 2019 15:55:27 UTC
31-May-2019 20:11:58.866 資訊 [main] org.apache.catalina.startup.VersionLoggerListener.log Server version number: 9.0.17.0
31-May-2019 20:11:58.866 資訊 [main] org.apache.catalina.startup.VersionLoggerListener.log OS Name:               Windows 10
31-May-2019 20:11:58.867 資訊 [main] org.apache.catalina.startup.VersionLoggerListener.log OS Version:            10.0
31-May-2019 20:11:58.867 資訊 [main] org.apache.catalina.startup.VersionLoggerListener.log Architecture:          amd64
31-May-2019 20:11:58.868 資訊 [main] org.apache.catalina.startup.VersionLoggerListener.log Java Home:             C:\jdk1.8.0_201\jre
31-May-2019 20:11:58.868 資訊 [main] org.apache.catalina.startup.VersionLoggerListener.log JVM Version:           1.8.0_201-b09
31-May-2019 20:11:58.869 資訊 [main] org.apache.catalina.startup.VersionLoggerListener.log JVM Vendor:            Oracle Corporation
31-May-2019 20:11:58.869 資訊 [main] org.apache.catalina.startup.VersionLoggerListener.log CATALINA_BASE:         C:\DA101_WebApp\apache-tomcat-9.0.17
31-May-2019 20:11:58.869 資訊 [main] org.apache.catalina.startup.VersionLoggerListener.log CATALINA_HOME:         C:\DA101_WebApp\apache-tomcat-9.0.17
31-May-2019 20:11:58.870 資訊 [main] org.apache.catalina.startup.VersionLoggerListener.log Command line argument: -Djava.util.logging.config.file=C:\DA101_WebApp\apache-tomcat-9.0.17\conf\logging.properties
31-May-2019 20:11:58.870 資訊 [main] org.apache.catalina.startup.VersionLoggerListener.log Command line argument: -Djava.util.logging.manager=org.apache.juli.ClassLoaderLogManager
31-May-2019 20:11:58.870 資訊 [main] org.apache.catalina.startup.VersionLoggerListener.log Command line argument: -Djdk.tls.ephemeralDHKeySize=2048
31-May-2019 20:11:58.871 資訊 [main] org.apache.catalina.startup.VersionLoggerListener.log Command line argument: -Djava.protocol.handler.pkgs=org.apache.catalina.webresources
31-May-2019 20:11:58.871 資訊 [main] org.apache.catalina.startup.VersionLoggerListener.log Command line argument: -Dignore.endorsed.dirs=
31-May-2019 20:11:58.872 資訊 [main] org.apache.catalina.startup.VersionLoggerListener.log Command line argument: -Dcatalina.base=C:\DA101_WebApp\apache-tomcat-9.0.17
31-May-2019 20:11:58.872 資訊 [main] org.apache.catalina.startup.VersionLoggerListener.log Command line argument: -Dcatalina.home=C:\DA101_WebApp\apache-tomcat-9.0.17
31-May-2019 20:11:58.873 資訊 [main] org.apache.catalina.startup.VersionLoggerListener.log Command line argument: -Djava.io.tmpdir=C:\DA101_WebApp\apache-tomcat-9.0.17\temp
31-May-2019 20:11:58.873 資訊 [main] org.apache.catalina.core.AprLifecycleListener.lifecycleEvent The APR based Apache Tomcat Native library which allows optimal performance in production environments was not found on the java.library.path: [C:\jdk1.8.0_201\bin;C:\Windows\Sun\Java\bin;C:\Windows\system32;C:\Windows;C:\oraclexe\app\oracle\product\11.2.0\server\bin;;C:\jdk1.8.0_201\bin;C:\Program Files (x86)\Common Files\Oracle\Java\javapath;C:\Windows\system32;C:\Windows;C:\Windows\System32\Wbem;C:\Windows\System32\WindowsPowerShell\v1.0\;C:\Windows\System32\OpenSSH\;C:\Program Files\Crucial\Crucial Storage Executive;C:\PROGRA~2\IDMCOM~1\ULTRAE~1;.]
31-May-2019 20:11:59.068 資訊 [main] org.apache.coyote.AbstractProtocol.init Initializing ProtocolHandler ["http-nio-8081"]
31-May-2019 20:11:59.233 資訊 [main] org.apache.coyote.AbstractProtocol.init Initializing ProtocolHandler ["ajp-nio-8009"]
31-May-2019 20:11:59.236 資訊 [main] org.apache.catalina.startup.Catalina.load Server initialization in [786] milliseconds
31-May-2019 20:11:59.265 資訊 [main] org.apache.catalina.core.StandardService.startInternal Starting service [Catalina]
31-May-2019 20:11:59.265 資訊 [main] org.apache.catalina.core.StandardEngine.startInternal Starting Servlet engine: [Apache Tomcat/9.0.17]
31-May-2019 20:11:59.280 資訊 [main] org.apache.catalina.startup.HostConfig.deployDirectory Deploying web application directory [C:\DA101_WebApp\apache-tomcat-9.0.17\webapps\AjaxLab_Java_DA101]
31-May-2019 20:11:59.981 資訊 [main] org.apache.jasper.servlet.TldScanner.scanJars At least one JAR was scanned for TLDs yet contained no TLDs. Enable debug logging for this logger for a complete list of JARs that were scanned but no TLDs were found in them. Skipping unneeded JARs during scanning can improve startup time and JSP compilation time.
31-May-2019 20:12:00.023 資訊 [main] org.apache.catalina.startup.HostConfig.deployDirectory Deployment of web application directory [C:\DA101_WebApp\apache-tomcat-9.0.17\webapps\AjaxLab_Java_DA101] has finished in [742] ms
31-May-2019 20:12:00.023 資訊 [main] org.apache.catalina.startup.HostConfig.deployDirectory Deploying web application directory [C:\DA101_WebApp\apache-tomcat-9.0.17\webapps\AjaxLab_Java_DA101_C]
31-May-2019 20:12:00.375 資訊 [main] org.apache.jasper.servlet.TldScanner.scanJars At least one JAR was scanned for TLDs yet contained no TLDs. Enable debug logging for this logger for a complete list of JARs that were scanned but no TLDs were found in them. Skipping unneeded JARs during scanning can improve startup time and JSP compilation time.
31-May-2019 20:12:00.379 資訊 [main] org.apache.catalina.startup.HostConfig.deployDirectory Deployment of web application directory [C:\DA101_WebApp\apache-tomcat-9.0.17\webapps\AjaxLab_Java_DA101_C] has finished in [355] ms
31-May-2019 20:12:00.379 資訊 [main] org.apache.catalina.startup.HostConfig.deployDirectory Deploying web application directory [C:\DA101_WebApp\apache-tomcat-9.0.17\webapps\DataSource_JNDI]
31-May-2019 20:12:00.714 資訊 [main] org.apache.jasper.servlet.TldScanner.scanJars At least one JAR was scanned for TLDs yet contained no TLDs. Enable debug logging for this logger for a complete list of JARs that were scanned but no TLDs were found in them. Skipping unneeded JARs during scanning can improve startup time and JSP compilation time.
31-May-2019 20:12:00.720 資訊 [main] org.apache.catalina.startup.HostConfig.deployDirectory Deployment of web application directory [C:\DA101_WebApp\apache-tomcat-9.0.17\webapps\DataSource_JNDI] has finished in [341] ms
31-May-2019 20:12:00.721 資訊 [main] org.apache.catalina.startup.HostConfig.deployDirectory Deploying web application directory [C:\DA101_WebApp\apache-tomcat-9.0.17\webapps\docs]
31-May-2019 20:12:01.064 資訊 [main] org.apache.jasper.servlet.TldScanner.scanJars At least one JAR was scanned for TLDs yet contained no TLDs. Enable debug logging for this logger for a complete list of JARs that were scanned but no TLDs were found in them. Skipping unneeded JARs during scanning can improve startup time and JSP compilation time.
31-May-2019 20:12:01.067 資訊 [main] org.apache.catalina.startup.HostConfig.deployDirectory Deployment of web application directory [C:\DA101_WebApp\apache-tomcat-9.0.17\webapps\docs] has finished in [346] ms
31-May-2019 20:12:01.067 資訊 [main] org.apache.catalina.startup.HostConfig.deployDirectory Deploying web application directory [C:\DA101_WebApp\apache-tomcat-9.0.17\webapps\examples]
31-May-2019 20:12:01.567 資訊 [main] org.apache.jasper.servlet.TldScanner.scanJars At least one JAR was scanned for TLDs yet contained no TLDs. Enable debug logging for this logger for a complete list of JARs that were scanned but no TLDs were found in them. Skipping unneeded JARs during scanning can improve startup time and JSP compilation time.
31-May-2019 20:12:01.611 資訊 [main] org.apache.catalina.startup.HostConfig.deployDirectory Deployment of web application directory [C:\DA101_WebApp\apache-tomcat-9.0.17\webapps\examples] has finished in [544] ms
31-May-2019 20:12:01.613 資訊 [main] org.apache.catalina.startup.HostConfig.deployDirectory Deploying web application directory [C:\DA101_WebApp\apache-tomcat-9.0.17\webapps\ForwardRedirect]
31-May-2019 20:12:01.975 資訊 [main] org.apache.jasper.servlet.TldScanner.scanJars At least one JAR was scanned for TLDs yet contained no TLDs. Enable debug logging for this logger for a complete list of JARs that were scanned but no TLDs were found in them. Skipping unneeded JARs during scanning can improve startup time and JSP compilation time.
31-May-2019 20:12:01.978 資訊 [main] org.apache.catalina.startup.HostConfig.deployDirectory Deployment of web application directory [C:\DA101_WebApp\apache-tomcat-9.0.17\webapps\ForwardRedirect] has finished in [365] ms
31-May-2019 20:12:01.979 資訊 [main] org.apache.catalina.startup.HostConfig.deployDirectory Deploying web application directory [C:\DA101_WebApp\apache-tomcat-9.0.17\webapps\ForwardRedirect2]
31-May-2019 20:12:02.285 資訊 [main] org.apache.jasper.servlet.TldScanner.scanJars At least one JAR was scanned for TLDs yet contained no TLDs. Enable debug logging for this logger for a complete list of JARs that were scanned but no TLDs were found in them. Skipping unneeded JARs during scanning can improve startup time and JSP compilation time.
31-May-2019 20:12:02.289 資訊 [main] org.apache.catalina.startup.HostConfig.deployDirectory Deployment of web application directory [C:\DA101_WebApp\apache-tomcat-9.0.17\webapps\ForwardRedirect2] has finished in [310] ms
31-May-2019 20:12:02.290 資訊 [main] org.apache.catalina.startup.HostConfig.deployDirectory Deploying web application directory [C:\DA101_WebApp\apache-tomcat-9.0.17\webapps\host-manager]
31-May-2019 20:12:02.605 資訊 [main] org.apache.jasper.servlet.TldScanner.scanJars At least one JAR was scanned for TLDs yet contained no TLDs. Enable debug logging for this logger for a complete list of JARs that were scanned but no TLDs were found in them. Skipping unneeded JARs during scanning can improve startup time and JSP compilation time.
31-May-2019 20:12:02.613 資訊 [main] org.apache.catalina.startup.HostConfig.deployDirectory Deployment of web application directory [C:\DA101_WebApp\apache-tomcat-9.0.17\webapps\host-manager] has finished in [322] ms
31-May-2019 20:12:02.613 資訊 [main] org.apache.catalina.startup.HostConfig.deployDirectory Deploying web application directory [C:\DA101_WebApp\apache-tomcat-9.0.17\webapps\IBM_9]
31-May-2019 20:12:02.955 資訊 [main] org.apache.jasper.servlet.TldScanner.scanJars At least one JAR was scanned for TLDs yet contained no TLDs. Enable debug logging for this logger for a complete list of JARs that were scanned but no TLDs were found in them. Skipping unneeded JARs during scanning can improve startup time and JSP compilation time.
31-May-2019 20:12:02.959 資訊 [main] org.apache.catalina.startup.HostConfig.deployDirectory Deployment of web application directory [C:\DA101_WebApp\apache-tomcat-9.0.17\webapps\IBM_9] has finished in [346] ms
31-May-2019 20:12:02.960 資訊 [main] org.apache.catalina.startup.HostConfig.deployDirectory Deploying web application directory [C:\DA101_WebApp\apache-tomcat-9.0.17\webapps\IBM_HelloBean]
31-May-2019 20:12:03.285 資訊 [main] org.apache.jasper.servlet.TldScanner.scanJars At least one JAR was scanned for TLDs yet contained no TLDs. Enable debug logging for this logger for a complete list of JARs that were scanned but no TLDs were found in them. Skipping unneeded JARs during scanning can improve startup time and JSP compilation time.
31-May-2019 20:12:03.288 資訊 [main] org.apache.catalina.startup.HostConfig.deployDirectory Deployment of web application directory [C:\DA101_WebApp\apache-tomcat-9.0.17\webapps\IBM_HelloBean] has finished in [328] ms
31-May-2019 20:12:03.289 資訊 [main] org.apache.catalina.startup.HostConfig.deployDirectory Deploying web application directory [C:\DA101_WebApp\apache-tomcat-9.0.17\webapps\manager]
31-May-2019 20:12:03.531 資訊 [main] org.apache.jasper.servlet.TldScanner.scanJars At least one JAR was scanned for TLDs yet contained no TLDs. Enable debug logging for this logger for a complete list of JARs that were scanned but no TLDs were found in them. Skipping unneeded JARs during scanning can improve startup time and JSP compilation time.
31-May-2019 20:12:03.534 資訊 [main] org.apache.catalina.startup.HostConfig.deployDirectory Deployment of web application directory [C:\DA101_WebApp\apache-tomcat-9.0.17\webapps\manager] has finished in [244] ms
31-May-2019 20:12:03.535 資訊 [main] org.apache.catalina.startup.HostConfig.deployDirectory Deploying web application directory [C:\DA101_WebApp\apache-tomcat-9.0.17\webapps\ROOT]
31-May-2019 20:12:03.739 資訊 [main] org.apache.jasper.servlet.TldScanner.scanJars At least one JAR was scanned for TLDs yet contained no TLDs. Enable debug logging for this logger for a complete list of JARs that were scanned but no TLDs were found in them. Skipping unneeded JARs during scanning can improve startup time and JSP compilation time.
31-May-2019 20:12:03.742 資訊 [main] org.apache.catalina.startup.HostConfig.deployDirectory Deployment of web application directory [C:\DA101_WebApp\apache-tomcat-9.0.17\webapps\ROOT] has finished in [207] ms
31-May-2019 20:12:03.745 資訊 [main] org.apache.coyote.AbstractProtocol.start Starting ProtocolHandler ["http-nio-8081"]
31-May-2019 20:12:03.755 資訊 [main] org.apache.coyote.AbstractProtocol.start Starting ProtocolHandler ["ajp-nio-8009"]
31-May-2019 20:12:03.759 資訊 [main] org.apache.catalina.startup.Catalina.start Server startup in [4,521] milliseconds
31-May-2019 21:21:52.109 資訊 [main] org.apache.catalina.core.StandardServer.await A valid shutdown command was received via the shutdown port. Stopping the Server instance.
31-May-2019 21:21:52.110 資訊 [main] org.apache.coyote.AbstractProtocol.pause Pausing ProtocolHandler ["http-nio-8081"]
31-May-2019 21:21:52.212 資訊 [main] org.apache.coyote.AbstractProtocol.pause Pausing ProtocolHandler ["ajp-nio-8009"]
31-May-2019 21:21:52.309 資訊 [main] org.apache.catalina.core.StandardService.stopInternal Stopping service [Catalina]
31-May-2019 21:21:52.348 資訊 [main] org.apache.coyote.AbstractProtocol.stop Stopping ProtocolHandler ["http-nio-8081"]
31-May-2019 21:21:52.350 資訊 [main] org.apache.coyote.AbstractProtocol.stop Stopping ProtocolHandler ["ajp-nio-8009"]
31-May-2019 21:21:52.353 資訊 [main] org.apache.coyote.AbstractProtocol.destroy Destroying ProtocolHandler ["http-nio-8081"]
31-May-2019 21:21:52.353 資訊 [main] org.apache.coyote.AbstractProtocol.destroy Destroying ProtocolHandler ["ajp-nio-8009"]
