25-Jun-2019 17:42:37.071 資訊 [main] org.apache.catalina.startup.VersionLoggerListener.log Server version name:   Apache Tomcat/9.0.17
25-Jun-2019 17:42:37.076 資訊 [main] org.apache.catalina.startup.VersionLoggerListener.log Server built:          Mar 13 2019 15:55:27 UTC
25-Jun-2019 17:42:37.077 資訊 [main] org.apache.catalina.startup.VersionLoggerListener.log Server version number: 9.0.17.0
25-Jun-2019 17:42:37.077 資訊 [main] org.apache.catalina.startup.VersionLoggerListener.log OS Name:               Windows 10
25-Jun-2019 17:42:37.077 資訊 [main] org.apache.catalina.startup.VersionLoggerListener.log OS Version:            10.0
25-Jun-2019 17:42:37.077 資訊 [main] org.apache.catalina.startup.VersionLoggerListener.log Architecture:          amd64
25-Jun-2019 17:42:37.077 資訊 [main] org.apache.catalina.startup.VersionLoggerListener.log Java Home:             C:\jdk1.8.0_201\jre
25-Jun-2019 17:42:37.078 資訊 [main] org.apache.catalina.startup.VersionLoggerListener.log JVM Version:           1.8.0_201-b09
25-Jun-2019 17:42:37.078 資訊 [main] org.apache.catalina.startup.VersionLoggerListener.log JVM Vendor:            Oracle Corporation
25-Jun-2019 17:42:37.078 資訊 [main] org.apache.catalina.startup.VersionLoggerListener.log CATALINA_BASE:         C:\DA101_WebApp\apache-tomcat-9.0.17
25-Jun-2019 17:42:37.078 資訊 [main] org.apache.catalina.startup.VersionLoggerListener.log CATALINA_HOME:         C:\DA101_WebApp\apache-tomcat-9.0.17
25-Jun-2019 17:42:37.079 資訊 [main] org.apache.catalina.startup.VersionLoggerListener.log Command line argument: -Djava.util.logging.config.file=C:\DA101_WebApp\apache-tomcat-9.0.17\conf\logging.properties
25-Jun-2019 17:42:37.079 資訊 [main] org.apache.catalina.startup.VersionLoggerListener.log Command line argument: -Djava.util.logging.manager=org.apache.juli.ClassLoaderLogManager
25-Jun-2019 17:42:37.079 資訊 [main] org.apache.catalina.startup.VersionLoggerListener.log Command line argument: -Djdk.tls.ephemeralDHKeySize=2048
25-Jun-2019 17:42:37.079 資訊 [main] org.apache.catalina.startup.VersionLoggerListener.log Command line argument: -Djava.protocol.handler.pkgs=org.apache.catalina.webresources
25-Jun-2019 17:42:37.080 資訊 [main] org.apache.catalina.startup.VersionLoggerListener.log Command line argument: -Dignore.endorsed.dirs=
25-Jun-2019 17:42:37.080 資訊 [main] org.apache.catalina.startup.VersionLoggerListener.log Command line argument: -Dcatalina.base=C:\DA101_WebApp\apache-tomcat-9.0.17
25-Jun-2019 17:42:37.080 資訊 [main] org.apache.catalina.startup.VersionLoggerListener.log Command line argument: -Dcatalina.home=C:\DA101_WebApp\apache-tomcat-9.0.17
25-Jun-2019 17:42:37.081 資訊 [main] org.apache.catalina.startup.VersionLoggerListener.log Command line argument: -Djava.io.tmpdir=C:\DA101_WebApp\apache-tomcat-9.0.17\temp
25-Jun-2019 17:42:37.081 資訊 [main] org.apache.catalina.core.AprLifecycleListener.lifecycleEvent The APR based Apache Tomcat Native library which allows optimal performance in production environments was not found on the java.library.path: [C:\jdk1.8.0_201\bin;C:\Windows\Sun\Java\bin;C:\Windows\system32;C:\Windows;C:\oraclexe\app\oracle\product\11.2.0\server\bin;;C:\jdk1.8.0_201\bin;C:\Program Files (x86)\Common Files\Oracle\Java\javapath;C:\Windows\system32;C:\Windows;C:\Windows\System32\Wbem;C:\Windows\System32\WindowsPowerShell\v1.0\;C:\Windows\System32\OpenSSH\;C:\Program Files\Crucial\Crucial Storage Executive;C:\Redis\;C:\Program Files\PuTTY\;C:\Program Files\nodejs\;C:\PROGRA~2\IDMCOM~1\ULTRAE~1;C:\Users\30678\AppData\Local\GitHubDesktop\bin;C:\Users\30678\AppData\Roaming\npm;.]
25-Jun-2019 17:42:37.227 資訊 [main] org.apache.coyote.AbstractProtocol.init Initializing ProtocolHandler ["http-nio-8081"]
25-Jun-2019 17:42:37.335 嚴重 [main] org.apache.catalina.util.LifecycleBase.handleSubClassException Failed to initialize component [Connector[HTTP/1.1-8081]]
 org.apache.catalina.LifecycleException: Protocol handler initialization failed
	at org.apache.catalina.connector.Connector.initInternal(Connector.java:983)
	at org.apache.catalina.util.LifecycleBase.init(LifecycleBase.java:136)
	at org.apache.catalina.core.StandardService.initInternal(StandardService.java:535)
	at org.apache.catalina.util.LifecycleBase.init(LifecycleBase.java:136)
	at org.apache.catalina.core.StandardServer.initInternal(StandardServer.java:1055)
	at org.apache.catalina.util.LifecycleBase.init(LifecycleBase.java:136)
	at org.apache.catalina.startup.Catalina.load(Catalina.java:585)
	at org.apache.catalina.startup.Catalina.load(Catalina.java:608)
	at sun.reflect.NativeMethodAccessorImpl.invoke0(Native Method)
	at sun.reflect.NativeMethodAccessorImpl.invoke(NativeMethodAccessorImpl.java:62)
	at sun.reflect.DelegatingMethodAccessorImpl.invoke(DelegatingMethodAccessorImpl.java:43)
	at java.lang.reflect.Method.invoke(Method.java:498)
	at org.apache.catalina.startup.Bootstrap.load(Bootstrap.java:306)
	at org.apache.catalina.startup.Bootstrap.main(Bootstrap.java:491)
Caused by: java.net.BindException: Address already in use: bind
	at sun.nio.ch.Net.bind0(Native Method)
	at sun.nio.ch.Net.bind(Net.java:433)
	at sun.nio.ch.Net.bind(Net.java:425)
	at sun.nio.ch.ServerSocketChannelImpl.bind(ServerSocketChannelImpl.java:223)
	at sun.nio.ch.ServerSocketAdaptor.bind(ServerSocketAdaptor.java:74)
	at org.apache.tomcat.util.net.NioEndpoint.initServerSocket(NioEndpoint.java:236)
	at org.apache.tomcat.util.net.NioEndpoint.bind(NioEndpoint.java:210)
	at org.apache.tomcat.util.net.AbstractEndpoint.bindWithCleanup(AbstractEndpoint.java:1103)
	at org.apache.tomcat.util.net.AbstractEndpoint.init(AbstractEndpoint.java:1116)
	at org.apache.coyote.AbstractProtocol.init(AbstractProtocol.java:557)
	at org.apache.coyote.http11.AbstractHttp11Protocol.init(AbstractHttp11Protocol.java:74)
	at org.apache.catalina.connector.Connector.initInternal(Connector.java:980)
	... 13 more

25-Jun-2019 17:42:37.338 資訊 [main] org.apache.coyote.AbstractProtocol.init Initializing ProtocolHandler ["ajp-nio-8009"]
25-Jun-2019 17:42:37.342 嚴重 [main] org.apache.catalina.util.LifecycleBase.handleSubClassException Failed to initialize component [Connector[AJP/1.3-8009]]
 org.apache.catalina.LifecycleException: Protocol handler initialization failed
	at org.apache.catalina.connector.Connector.initInternal(Connector.java:983)
	at org.apache.catalina.util.LifecycleBase.init(LifecycleBase.java:136)
	at org.apache.catalina.core.StandardService.initInternal(StandardService.java:535)
	at org.apache.catalina.util.LifecycleBase.init(LifecycleBase.java:136)
	at org.apache.catalina.core.StandardServer.initInternal(StandardServer.java:1055)
	at org.apache.catalina.util.LifecycleBase.init(LifecycleBase.java:136)
	at org.apache.catalina.startup.Catalina.load(Catalina.java:585)
	at org.apache.catalina.startup.Catalina.load(Catalina.java:608)
	at sun.reflect.NativeMethodAccessorImpl.invoke0(Native Method)
	at sun.reflect.NativeMethodAccessorImpl.invoke(NativeMethodAccessorImpl.java:62)
	at sun.reflect.DelegatingMethodAccessorImpl.invoke(DelegatingMethodAccessorImpl.java:43)
	at java.lang.reflect.Method.invoke(Method.java:498)
	at org.apache.catalina.startup.Bootstrap.load(Bootstrap.java:306)
	at org.apache.catalina.startup.Bootstrap.main(Bootstrap.java:491)
Caused by: java.net.BindException: Address already in use: bind
	at sun.nio.ch.Net.bind0(Native Method)
	at sun.nio.ch.Net.bind(Net.java:433)
	at sun.nio.ch.Net.bind(Net.java:425)
	at sun.nio.ch.ServerSocketChannelImpl.bind(ServerSocketChannelImpl.java:223)
	at sun.nio.ch.ServerSocketAdaptor.bind(ServerSocketAdaptor.java:74)
	at org.apache.tomcat.util.net.NioEndpoint.initServerSocket(NioEndpoint.java:236)
	at org.apache.tomcat.util.net.NioEndpoint.bind(NioEndpoint.java:210)
	at org.apache.tomcat.util.net.AbstractEndpoint.bindWithCleanup(AbstractEndpoint.java:1103)
	at org.apache.tomcat.util.net.AbstractEndpoint.init(AbstractEndpoint.java:1116)
	at org.apache.coyote.AbstractProtocol.init(AbstractProtocol.java:557)
	at org.apache.catalina.connector.Connector.initInternal(Connector.java:980)
	... 13 more

25-Jun-2019 17:42:37.346 資訊 [main] org.apache.catalina.startup.Catalina.load Server initialization in [650] milliseconds
25-Jun-2019 17:42:37.375 資訊 [main] org.apache.catalina.core.StandardService.startInternal Starting service [Catalina]
25-Jun-2019 17:42:37.375 資訊 [main] org.apache.catalina.core.StandardEngine.startInternal Starting Servlet engine: [Apache Tomcat/9.0.17]
25-Jun-2019 17:42:37.383 資訊 [main] org.apache.catalina.startup.HostConfig.deployDirectory Deploying web application directory [C:\DA101_WebApp\apache-tomcat-9.0.17\webapps\AjaxLab_Java_DA101]
25-Jun-2019 17:42:38.052 資訊 [main] org.apache.jasper.servlet.TldScanner.scanJars At least one JAR was scanned for TLDs yet contained no TLDs. Enable debug logging for this logger for a complete list of JARs that were scanned but no TLDs were found in them. Skipping unneeded JARs during scanning can improve startup time and JSP compilation time.
25-Jun-2019 17:42:38.087 資訊 [main] org.apache.catalina.startup.HostConfig.deployDirectory Deployment of web application directory [C:\DA101_WebApp\apache-tomcat-9.0.17\webapps\AjaxLab_Java_DA101] has finished in [704] ms
25-Jun-2019 17:42:38.088 資訊 [main] org.apache.catalina.startup.HostConfig.deployDirectory Deploying web application directory [C:\DA101_WebApp\apache-tomcat-9.0.17\webapps\AjaxLab_Java_DA101_C]
25-Jun-2019 17:42:38.436 資訊 [main] org.apache.jasper.servlet.TldScanner.scanJars At least one JAR was scanned for TLDs yet contained no TLDs. Enable debug logging for this logger for a complete list of JARs that were scanned but no TLDs were found in them. Skipping unneeded JARs during scanning can improve startup time and JSP compilation time.
25-Jun-2019 17:42:38.439 資訊 [main] org.apache.catalina.startup.HostConfig.deployDirectory Deployment of web application directory [C:\DA101_WebApp\apache-tomcat-9.0.17\webapps\AjaxLab_Java_DA101_C] has finished in [351] ms
25-Jun-2019 17:42:38.440 資訊 [main] org.apache.catalina.startup.HostConfig.deployDirectory Deploying web application directory [C:\DA101_WebApp\apache-tomcat-9.0.17\webapps\DataSource_JNDI]
25-Jun-2019 17:42:38.720 資訊 [main] org.apache.jasper.servlet.TldScanner.scanJars At least one JAR was scanned for TLDs yet contained no TLDs. Enable debug logging for this logger for a complete list of JARs that were scanned but no TLDs were found in them. Skipping unneeded JARs during scanning can improve startup time and JSP compilation time.
25-Jun-2019 17:42:38.724 資訊 [main] org.apache.catalina.startup.HostConfig.deployDirectory Deployment of web application directory [C:\DA101_WebApp\apache-tomcat-9.0.17\webapps\DataSource_JNDI] has finished in [283] ms
25-Jun-2019 17:42:38.724 資訊 [main] org.apache.catalina.startup.HostConfig.deployDirectory Deploying web application directory [C:\DA101_WebApp\apache-tomcat-9.0.17\webapps\docs]
25-Jun-2019 17:42:39.043 資訊 [main] org.apache.jasper.servlet.TldScanner.scanJars At least one JAR was scanned for TLDs yet contained no TLDs. Enable debug logging for this logger for a complete list of JARs that were scanned but no TLDs were found in them. Skipping unneeded JARs during scanning can improve startup time and JSP compilation time.
25-Jun-2019 17:42:39.048 資訊 [main] org.apache.catalina.startup.HostConfig.deployDirectory Deployment of web application directory [C:\DA101_WebApp\apache-tomcat-9.0.17\webapps\docs] has finished in [324] ms
25-Jun-2019 17:42:39.049 資訊 [main] org.apache.catalina.startup.HostConfig.deployDirectory Deploying web application directory [C:\DA101_WebApp\apache-tomcat-9.0.17\webapps\examples]
25-Jun-2019 17:43:03.388 資訊 [main] org.apache.catalina.startup.VersionLoggerListener.log Server version name:   Apache Tomcat/9.0.17
25-Jun-2019 17:43:03.392 資訊 [main] org.apache.catalina.startup.VersionLoggerListener.log Server built:          Mar 13 2019 15:55:27 UTC
25-Jun-2019 17:43:03.392 資訊 [main] org.apache.catalina.startup.VersionLoggerListener.log Server version number: 9.0.17.0
25-Jun-2019 17:43:03.392 資訊 [main] org.apache.catalina.startup.VersionLoggerListener.log OS Name:               Windows 10
25-Jun-2019 17:43:03.393 資訊 [main] org.apache.catalina.startup.VersionLoggerListener.log OS Version:            10.0
25-Jun-2019 17:43:03.393 資訊 [main] org.apache.catalina.startup.VersionLoggerListener.log Architecture:          amd64
25-Jun-2019 17:43:03.393 資訊 [main] org.apache.catalina.startup.VersionLoggerListener.log Java Home:             C:\jdk1.8.0_201\jre
25-Jun-2019 17:43:03.394 資訊 [main] org.apache.catalina.startup.VersionLoggerListener.log JVM Version:           1.8.0_201-b09
25-Jun-2019 17:43:03.394 資訊 [main] org.apache.catalina.startup.VersionLoggerListener.log JVM Vendor:            Oracle Corporation
25-Jun-2019 17:43:03.394 資訊 [main] org.apache.catalina.startup.VersionLoggerListener.log CATALINA_BASE:         C:\DA101_WebApp\apache-tomcat-9.0.17
25-Jun-2019 17:43:03.395 資訊 [main] org.apache.catalina.startup.VersionLoggerListener.log CATALINA_HOME:         C:\DA101_WebApp\apache-tomcat-9.0.17
25-Jun-2019 17:43:03.395 資訊 [main] org.apache.catalina.startup.VersionLoggerListener.log Command line argument: -Djava.util.logging.config.file=C:\DA101_WebApp\apache-tomcat-9.0.17\conf\logging.properties
25-Jun-2019 17:43:03.396 資訊 [main] org.apache.catalina.startup.VersionLoggerListener.log Command line argument: -Djava.util.logging.manager=org.apache.juli.ClassLoaderLogManager
25-Jun-2019 17:43:03.396 資訊 [main] org.apache.catalina.startup.VersionLoggerListener.log Command line argument: -Djdk.tls.ephemeralDHKeySize=2048
25-Jun-2019 17:43:03.396 資訊 [main] org.apache.catalina.startup.VersionLoggerListener.log Command line argument: -Djava.protocol.handler.pkgs=org.apache.catalina.webresources
25-Jun-2019 17:43:03.396 資訊 [main] org.apache.catalina.startup.VersionLoggerListener.log Command line argument: -Dignore.endorsed.dirs=
25-Jun-2019 17:43:03.397 資訊 [main] org.apache.catalina.startup.VersionLoggerListener.log Command line argument: -Dcatalina.base=C:\DA101_WebApp\apache-tomcat-9.0.17
25-Jun-2019 17:43:03.397 資訊 [main] org.apache.catalina.startup.VersionLoggerListener.log Command line argument: -Dcatalina.home=C:\DA101_WebApp\apache-tomcat-9.0.17
25-Jun-2019 17:43:03.398 資訊 [main] org.apache.catalina.startup.VersionLoggerListener.log Command line argument: -Djava.io.tmpdir=C:\DA101_WebApp\apache-tomcat-9.0.17\temp
25-Jun-2019 17:43:03.398 資訊 [main] org.apache.catalina.core.AprLifecycleListener.lifecycleEvent The APR based Apache Tomcat Native library which allows optimal performance in production environments was not found on the java.library.path: [C:\jdk1.8.0_201\bin;C:\Windows\Sun\Java\bin;C:\Windows\system32;C:\Windows;C:\oraclexe\app\oracle\product\11.2.0\server\bin;;C:\jdk1.8.0_201\bin;C:\Program Files (x86)\Common Files\Oracle\Java\javapath;C:\Windows\system32;C:\Windows;C:\Windows\System32\Wbem;C:\Windows\System32\WindowsPowerShell\v1.0\;C:\Windows\System32\OpenSSH\;C:\Program Files\Crucial\Crucial Storage Executive;C:\Redis\;C:\Program Files\PuTTY\;C:\Program Files\nodejs\;C:\PROGRA~2\IDMCOM~1\ULTRAE~1;C:\Users\30678\AppData\Local\GitHubDesktop\bin;C:\Users\30678\AppData\Roaming\npm;.]
25-Jun-2019 17:43:03.542 資訊 [main] org.apache.coyote.AbstractProtocol.init Initializing ProtocolHandler ["http-nio-8081"]
25-Jun-2019 17:43:03.636 嚴重 [main] org.apache.catalina.util.LifecycleBase.handleSubClassException Failed to initialize component [Connector[HTTP/1.1-8081]]
 org.apache.catalina.LifecycleException: Protocol handler initialization failed
	at org.apache.catalina.connector.Connector.initInternal(Connector.java:983)
	at org.apache.catalina.util.LifecycleBase.init(LifecycleBase.java:136)
	at org.apache.catalina.core.StandardService.initInternal(StandardService.java:535)
	at org.apache.catalina.util.LifecycleBase.init(LifecycleBase.java:136)
	at org.apache.catalina.core.StandardServer.initInternal(StandardServer.java:1055)
	at org.apache.catalina.util.LifecycleBase.init(LifecycleBase.java:136)
	at org.apache.catalina.startup.Catalina.load(Catalina.java:585)
	at org.apache.catalina.startup.Catalina.load(Catalina.java:608)
	at sun.reflect.NativeMethodAccessorImpl.invoke0(Native Method)
	at sun.reflect.NativeMethodAccessorImpl.invoke(NativeMethodAccessorImpl.java:62)
	at sun.reflect.DelegatingMethodAccessorImpl.invoke(DelegatingMethodAccessorImpl.java:43)
	at java.lang.reflect.Method.invoke(Method.java:498)
	at org.apache.catalina.startup.Bootstrap.load(Bootstrap.java:306)
	at org.apache.catalina.startup.Bootstrap.main(Bootstrap.java:491)
Caused by: java.net.BindException: Address already in use: bind
	at sun.nio.ch.Net.bind0(Native Method)
	at sun.nio.ch.Net.bind(Net.java:433)
	at sun.nio.ch.Net.bind(Net.java:425)
	at sun.nio.ch.ServerSocketChannelImpl.bind(ServerSocketChannelImpl.java:223)
	at sun.nio.ch.ServerSocketAdaptor.bind(ServerSocketAdaptor.java:74)
	at org.apache.tomcat.util.net.NioEndpoint.initServerSocket(NioEndpoint.java:236)
	at org.apache.tomcat.util.net.NioEndpoint.bind(NioEndpoint.java:210)
	at org.apache.tomcat.util.net.AbstractEndpoint.bindWithCleanup(AbstractEndpoint.java:1103)
	at org.apache.tomcat.util.net.AbstractEndpoint.init(AbstractEndpoint.java:1116)
	at org.apache.coyote.AbstractProtocol.init(AbstractProtocol.java:557)
	at org.apache.coyote.http11.AbstractHttp11Protocol.init(AbstractHttp11Protocol.java:74)
	at org.apache.catalina.connector.Connector.initInternal(Connector.java:980)
	... 13 more

25-Jun-2019 17:43:03.638 資訊 [main] org.apache.coyote.AbstractProtocol.init Initializing ProtocolHandler ["ajp-nio-8009"]
25-Jun-2019 17:43:03.642 嚴重 [main] org.apache.catalina.util.LifecycleBase.handleSubClassException Failed to initialize component [Connector[AJP/1.3-8009]]
 org.apache.catalina.LifecycleException: Protocol handler initialization failed
	at org.apache.catalina.connector.Connector.initInternal(Connector.java:983)
	at org.apache.catalina.util.LifecycleBase.init(LifecycleBase.java:136)
	at org.apache.catalina.core.StandardService.initInternal(StandardService.java:535)
	at org.apache.catalina.util.LifecycleBase.init(LifecycleBase.java:136)
	at org.apache.catalina.core.StandardServer.initInternal(StandardServer.java:1055)
	at org.apache.catalina.util.LifecycleBase.init(LifecycleBase.java:136)
	at org.apache.catalina.startup.Catalina.load(Catalina.java:585)
	at org.apache.catalina.startup.Catalina.load(Catalina.java:608)
	at sun.reflect.NativeMethodAccessorImpl.invoke0(Native Method)
	at sun.reflect.NativeMethodAccessorImpl.invoke(NativeMethodAccessorImpl.java:62)
	at sun.reflect.DelegatingMethodAccessorImpl.invoke(DelegatingMethodAccessorImpl.java:43)
	at java.lang.reflect.Method.invoke(Method.java:498)
	at org.apache.catalina.startup.Bootstrap.load(Bootstrap.java:306)
	at org.apache.catalina.startup.Bootstrap.main(Bootstrap.java:491)
Caused by: java.net.BindException: Address already in use: bind
	at sun.nio.ch.Net.bind0(Native Method)
	at sun.nio.ch.Net.bind(Net.java:433)
	at sun.nio.ch.Net.bind(Net.java:425)
	at sun.nio.ch.ServerSocketChannelImpl.bind(ServerSocketChannelImpl.java:223)
	at sun.nio.ch.ServerSocketAdaptor.bind(ServerSocketAdaptor.java:74)
	at org.apache.tomcat.util.net.NioEndpoint.initServerSocket(NioEndpoint.java:236)
	at org.apache.tomcat.util.net.NioEndpoint.bind(NioEndpoint.java:210)
	at org.apache.tomcat.util.net.AbstractEndpoint.bindWithCleanup(AbstractEndpoint.java:1103)
	at org.apache.tomcat.util.net.AbstractEndpoint.init(AbstractEndpoint.java:1116)
	at org.apache.coyote.AbstractProtocol.init(AbstractProtocol.java:557)
	at org.apache.catalina.connector.Connector.initInternal(Connector.java:980)
	... 13 more

25-Jun-2019 17:43:03.645 資訊 [main] org.apache.catalina.startup.Catalina.load Server initialization in [619] milliseconds
25-Jun-2019 17:43:03.669 資訊 [main] org.apache.catalina.core.StandardService.startInternal Starting service [Catalina]
25-Jun-2019 17:43:03.670 資訊 [main] org.apache.catalina.core.StandardEngine.startInternal Starting Servlet engine: [Apache Tomcat/9.0.17]
25-Jun-2019 17:43:03.676 資訊 [main] org.apache.catalina.startup.HostConfig.deployDirectory Deploying web application directory [C:\DA101_WebApp\apache-tomcat-9.0.17\webapps\AjaxLab_Java_DA101]
25-Jun-2019 17:43:04.296 資訊 [main] org.apache.jasper.servlet.TldScanner.scanJars At least one JAR was scanned for TLDs yet contained no TLDs. Enable debug logging for this logger for a complete list of JARs that were scanned but no TLDs were found in them. Skipping unneeded JARs during scanning can improve startup time and JSP compilation time.
25-Jun-2019 17:43:04.330 資訊 [main] org.apache.catalina.startup.HostConfig.deployDirectory Deployment of web application directory [C:\DA101_WebApp\apache-tomcat-9.0.17\webapps\AjaxLab_Java_DA101] has finished in [654] ms
25-Jun-2019 17:43:04.331 資訊 [main] org.apache.catalina.startup.HostConfig.deployDirectory Deploying web application directory [C:\DA101_WebApp\apache-tomcat-9.0.17\webapps\AjaxLab_Java_DA101_C]
25-Jun-2019 17:43:04.629 資訊 [main] org.apache.jasper.servlet.TldScanner.scanJars At least one JAR was scanned for TLDs yet contained no TLDs. Enable debug logging for this logger for a complete list of JARs that were scanned but no TLDs were found in them. Skipping unneeded JARs during scanning can improve startup time and JSP compilation time.
25-Jun-2019 17:43:04.632 資訊 [main] org.apache.catalina.startup.HostConfig.deployDirectory Deployment of web application directory [C:\DA101_WebApp\apache-tomcat-9.0.17\webapps\AjaxLab_Java_DA101_C] has finished in [301] ms
25-Jun-2019 17:43:04.633 資訊 [main] org.apache.catalina.startup.HostConfig.deployDirectory Deploying web application directory [C:\DA101_WebApp\apache-tomcat-9.0.17\webapps\DataSource_JNDI]
25-Jun-2019 17:43:04.894 資訊 [main] org.apache.jasper.servlet.TldScanner.scanJars At least one JAR was scanned for TLDs yet contained no TLDs. Enable debug logging for this logger for a complete list of JARs that were scanned but no TLDs were found in them. Skipping unneeded JARs during scanning can improve startup time and JSP compilation time.
25-Jun-2019 17:43:04.897 資訊 [main] org.apache.catalina.startup.HostConfig.deployDirectory Deployment of web application directory [C:\DA101_WebApp\apache-tomcat-9.0.17\webapps\DataSource_JNDI] has finished in [264] ms
25-Jun-2019 17:43:04.897 資訊 [main] org.apache.catalina.startup.HostConfig.deployDirectory Deploying web application directory [C:\DA101_WebApp\apache-tomcat-9.0.17\webapps\docs]
25-Jun-2019 17:43:05.198 資訊 [main] org.apache.jasper.servlet.TldScanner.scanJars At least one JAR was scanned for TLDs yet contained no TLDs. Enable debug logging for this logger for a complete list of JARs that were scanned but no TLDs were found in them. Skipping unneeded JARs during scanning can improve startup time and JSP compilation time.
25-Jun-2019 17:43:05.201 資訊 [main] org.apache.catalina.startup.HostConfig.deployDirectory Deployment of web application directory [C:\DA101_WebApp\apache-tomcat-9.0.17\webapps\docs] has finished in [304] ms
25-Jun-2019 17:43:05.202 資訊 [main] org.apache.catalina.startup.HostConfig.deployDirectory Deploying web application directory [C:\DA101_WebApp\apache-tomcat-9.0.17\webapps\examples]
25-Jun-2019 17:43:06.802 資訊 [main] org.apache.jasper.servlet.TldScanner.scanJars At least one JAR was scanned for TLDs yet contained no TLDs. Enable debug logging for this logger for a complete list of JARs that were scanned but no TLDs were found in them. Skipping unneeded JARs during scanning can improve startup time and JSP compilation time.
25-Jun-2019 17:43:06.843 資訊 [main] org.apache.catalina.startup.HostConfig.deployDirectory Deployment of web application directory [C:\DA101_WebApp\apache-tomcat-9.0.17\webapps\examples] has finished in [1,642] ms
25-Jun-2019 17:43:06.844 資訊 [main] org.apache.catalina.startup.HostConfig.deployDirectory Deploying web application directory [C:\DA101_WebApp\apache-tomcat-9.0.17\webapps\ForwardRedirect]
25-Jun-2019 17:43:07.183 資訊 [main] org.apache.jasper.servlet.TldScanner.scanJars At least one JAR was scanned for TLDs yet contained no TLDs. Enable debug logging for this logger for a complete list of JARs that were scanned but no TLDs were found in them. Skipping unneeded JARs during scanning can improve startup time and JSP compilation time.
25-Jun-2019 17:43:07.188 資訊 [main] org.apache.catalina.startup.HostConfig.deployDirectory Deployment of web application directory [C:\DA101_WebApp\apache-tomcat-9.0.17\webapps\ForwardRedirect] has finished in [343] ms
25-Jun-2019 17:43:07.188 資訊 [main] org.apache.catalina.startup.HostConfig.deployDirectory Deploying web application directory [C:\DA101_WebApp\apache-tomcat-9.0.17\webapps\ForwardRedirect2]
25-Jun-2019 17:43:07.501 資訊 [main] org.apache.jasper.servlet.TldScanner.scanJars At least one JAR was scanned for TLDs yet contained no TLDs. Enable debug logging for this logger for a complete list of JARs that were scanned but no TLDs were found in them. Skipping unneeded JARs during scanning can improve startup time and JSP compilation time.
25-Jun-2019 17:43:07.504 資訊 [main] org.apache.catalina.startup.HostConfig.deployDirectory Deployment of web application directory [C:\DA101_WebApp\apache-tomcat-9.0.17\webapps\ForwardRedirect2] has finished in [316] ms
25-Jun-2019 17:43:07.505 資訊 [main] org.apache.catalina.startup.HostConfig.deployDirectory Deploying web application directory [C:\DA101_WebApp\apache-tomcat-9.0.17\webapps\host-manager]
25-Jun-2019 17:43:07.769 資訊 [main] org.apache.jasper.servlet.TldScanner.scanJars At least one JAR was scanned for TLDs yet contained no TLDs. Enable debug logging for this logger for a complete list of JARs that were scanned but no TLDs were found in them. Skipping unneeded JARs during scanning can improve startup time and JSP compilation time.
25-Jun-2019 17:43:07.774 資訊 [main] org.apache.catalina.startup.HostConfig.deployDirectory Deployment of web application directory [C:\DA101_WebApp\apache-tomcat-9.0.17\webapps\host-manager] has finished in [269] ms
25-Jun-2019 17:43:07.774 資訊 [main] org.apache.catalina.startup.HostConfig.deployDirectory Deploying web application directory [C:\DA101_WebApp\apache-tomcat-9.0.17\webapps\IBM_9]
25-Jun-2019 17:43:08.077 資訊 [main] org.apache.jasper.servlet.TldScanner.scanJars At least one JAR was scanned for TLDs yet contained no TLDs. Enable debug logging for this logger for a complete list of JARs that were scanned but no TLDs were found in them. Skipping unneeded JARs during scanning can improve startup time and JSP compilation time.
25-Jun-2019 17:43:08.080 資訊 [main] org.apache.catalina.startup.HostConfig.deployDirectory Deployment of web application directory [C:\DA101_WebApp\apache-tomcat-9.0.17\webapps\IBM_9] has finished in [306] ms
25-Jun-2019 17:43:08.081 資訊 [main] org.apache.catalina.startup.HostConfig.deployDirectory Deploying web application directory [C:\DA101_WebApp\apache-tomcat-9.0.17\webapps\IBM_HelloBean]
25-Jun-2019 17:43:08.300 資訊 [main] org.apache.jasper.servlet.TldScanner.scanJars At least one JAR was scanned for TLDs yet contained no TLDs. Enable debug logging for this logger for a complete list of JARs that were scanned but no TLDs were found in them. Skipping unneeded JARs during scanning can improve startup time and JSP compilation time.
25-Jun-2019 17:43:08.302 資訊 [main] org.apache.catalina.startup.HostConfig.deployDirectory Deployment of web application directory [C:\DA101_WebApp\apache-tomcat-9.0.17\webapps\IBM_HelloBean] has finished in [221] ms
25-Jun-2019 17:43:08.303 資訊 [main] org.apache.catalina.startup.HostConfig.deployDirectory Deploying web application directory [C:\DA101_WebApp\apache-tomcat-9.0.17\webapps\IBM_Tag1]
25-Jun-2019 17:43:08.541 資訊 [main] org.apache.jasper.servlet.TldScanner.scanJars At least one JAR was scanned for TLDs yet contained no TLDs. Enable debug logging for this logger for a complete list of JARs that were scanned but no TLDs were found in them. Skipping unneeded JARs during scanning can improve startup time and JSP compilation time.
25-Jun-2019 17:43:08.544 資訊 [main] org.apache.catalina.startup.HostConfig.deployDirectory Deployment of web application directory [C:\DA101_WebApp\apache-tomcat-9.0.17\webapps\IBM_Tag1] has finished in [241] ms
25-Jun-2019 17:43:08.545 資訊 [main] org.apache.catalina.startup.HostConfig.deployDirectory Deploying web application directory [C:\DA101_WebApp\apache-tomcat-9.0.17\webapps\manager]
25-Jun-2019 17:43:08.764 資訊 [main] org.apache.jasper.servlet.TldScanner.scanJars At least one JAR was scanned for TLDs yet contained no TLDs. Enable debug logging for this logger for a complete list of JARs that were scanned but no TLDs were found in them. Skipping unneeded JARs during scanning can improve startup time and JSP compilation time.
25-Jun-2019 17:43:08.786 資訊 [main] org.apache.catalina.startup.HostConfig.deployDirectory Deployment of web application directory [C:\DA101_WebApp\apache-tomcat-9.0.17\webapps\manager] has finished in [241] ms
25-Jun-2019 17:43:08.786 資訊 [main] org.apache.catalina.startup.HostConfig.deployDirectory Deploying web application directory [C:\DA101_WebApp\apache-tomcat-9.0.17\webapps\ROOT]
25-Jun-2019 17:43:09.002 資訊 [main] org.apache.jasper.servlet.TldScanner.scanJars At least one JAR was scanned for TLDs yet contained no TLDs. Enable debug logging for this logger for a complete list of JARs that were scanned but no TLDs were found in them. Skipping unneeded JARs during scanning can improve startup time and JSP compilation time.
25-Jun-2019 17:43:09.005 資訊 [main] org.apache.catalina.startup.HostConfig.deployDirectory Deployment of web application directory [C:\DA101_WebApp\apache-tomcat-9.0.17\webapps\ROOT] has finished in [219] ms
25-Jun-2019 17:43:09.006 資訊 [main] org.apache.catalina.startup.HostConfig.deployDirectory Deploying web application directory [C:\DA101_WebApp\apache-tomcat-9.0.17\webapps\Security4_CUST_Session]
25-Jun-2019 17:43:09.285 資訊 [main] org.apache.jasper.servlet.TldScanner.scanJars At least one JAR was scanned for TLDs yet contained no TLDs. Enable debug logging for this logger for a complete list of JARs that were scanned but no TLDs were found in them. Skipping unneeded JARs during scanning can improve startup time and JSP compilation time.
25-Jun-2019 17:43:09.289 資訊 [main] org.apache.catalina.startup.HostConfig.deployDirectory Deployment of web application directory [C:\DA101_WebApp\apache-tomcat-9.0.17\webapps\Security4_CUST_Session] has finished in [282] ms
25-Jun-2019 17:43:09.289 資訊 [main] org.apache.catalina.startup.HostConfig.deployDirectory Deploying web application directory [C:\DA101_WebApp\apache-tomcat-9.0.17\webapps\Security5_CUST_Session_Filter]
25-Jun-2019 17:43:09.527 資訊 [main] org.apache.jasper.servlet.TldScanner.scanJars At least one JAR was scanned for TLDs yet contained no TLDs. Enable debug logging for this logger for a complete list of JARs that were scanned but no TLDs were found in them. Skipping unneeded JARs during scanning can improve startup time and JSP compilation time.
25-Jun-2019 17:43:09.529 資訊 [main] org.apache.catalina.startup.HostConfig.deployDirectory Deployment of web application directory [C:\DA101_WebApp\apache-tomcat-9.0.17\webapps\Security5_CUST_Session_Filter] has finished in [239] ms
25-Jun-2019 17:43:09.529 資訊 [main] org.apache.catalina.startup.HostConfig.deployDirectory Deploying web application directory [C:\DA101_WebApp\apache-tomcat-9.0.17\webapps\SL314_EL]
25-Jun-2019 17:43:09.764 資訊 [main] org.apache.jasper.servlet.TldScanner.scanJars At least one JAR was scanned for TLDs yet contained no TLDs. Enable debug logging for this logger for a complete list of JARs that were scanned but no TLDs were found in them. Skipping unneeded JARs during scanning can improve startup time and JSP compilation time.
25-Jun-2019 17:43:09.767 資訊 [main] org.apache.catalina.startup.HostConfig.deployDirectory Deployment of web application directory [C:\DA101_WebApp\apache-tomcat-9.0.17\webapps\SL314_EL] has finished in [238] ms
25-Jun-2019 17:43:09.769 資訊 [main] org.apache.catalina.startup.HostConfig.deployDirectory Deploying web application directory [C:\DA101_WebApp\apache-tomcat-9.0.17\webapps\SL314_Filter]
25-Jun-2019 17:43:10.012 資訊 [main] org.apache.jasper.servlet.TldScanner.scanJars At least one JAR was scanned for TLDs yet contained no TLDs. Enable debug logging for this logger for a complete list of JARs that were scanned but no TLDs were found in them. Skipping unneeded JARs during scanning can improve startup time and JSP compilation time.
25-Jun-2019 17:43:10.014 資訊 [main] org.apache.catalina.startup.HostConfig.deployDirectory Deployment of web application directory [C:\DA101_WebApp\apache-tomcat-9.0.17\webapps\SL314_Filter] has finished in [246] ms
25-Jun-2019 17:43:10.015 資訊 [main] org.apache.catalina.startup.HostConfig.deployDirectory Deploying web application directory [C:\DA101_WebApp\apache-tomcat-9.0.17\webapps\SL314_Filter2]
25-Jun-2019 17:43:10.269 資訊 [main] org.apache.jasper.servlet.TldScanner.scanJars At least one JAR was scanned for TLDs yet contained no TLDs. Enable debug logging for this logger for a complete list of JARs that were scanned but no TLDs were found in them. Skipping unneeded JARs during scanning can improve startup time and JSP compilation time.
25-Jun-2019 17:43:10.272 資訊 [main] org.apache.catalina.startup.HostConfig.deployDirectory Deployment of web application directory [C:\DA101_WebApp\apache-tomcat-9.0.17\webapps\SL314_Filter2] has finished in [257] ms
25-Jun-2019 17:43:10.273 資訊 [main] org.apache.catalina.startup.HostConfig.deployDirectory Deploying web application directory [C:\DA101_WebApp\apache-tomcat-9.0.17\webapps\SL314_JSTL]
25-Jun-2019 17:43:10.640 資訊 [main] org.apache.jasper.servlet.TldScanner.scanJars At least one JAR was scanned for TLDs yet contained no TLDs. Enable debug logging for this logger for a complete list of JARs that were scanned but no TLDs were found in them. Skipping unneeded JARs during scanning can improve startup time and JSP compilation time.
25-Jun-2019 17:43:10.657 資訊 [main] org.apache.catalina.startup.HostConfig.deployDirectory Deployment of web application directory [C:\DA101_WebApp\apache-tomcat-9.0.17\webapps\SL314_JSTL] has finished in [383] ms
25-Jun-2019 17:43:10.657 資訊 [main] org.apache.catalina.startup.HostConfig.deployDirectory Deploying web application directory [C:\DA101_WebApp\apache-tomcat-9.0.17\webapps\SL314_JSTL_SQL]
25-Jun-2019 17:43:11.032 資訊 [main] org.apache.jasper.servlet.TldScanner.scanJars At least one JAR was scanned for TLDs yet contained no TLDs. Enable debug logging for this logger for a complete list of JARs that were scanned but no TLDs were found in them. Skipping unneeded JARs during scanning can improve startup time and JSP compilation time.
25-Jun-2019 17:43:11.043 資訊 [main] org.apache.catalina.startup.HostConfig.deployDirectory Deployment of web application directory [C:\DA101_WebApp\apache-tomcat-9.0.17\webapps\SL314_JSTL_SQL] has finished in [386] ms
25-Jun-2019 17:43:11.047 資訊 [main] org.apache.catalina.startup.Catalina.start Server startup in [7,400] milliseconds
25-Jun-2019 17:43:11.051 嚴重 [main] org.apache.catalina.core.StandardServer.await Failed to create server shutdown socket on address [localhost] and port [8005] (base port [8005] and offset [0])
 java.net.BindException: Address already in use: JVM_Bind
	at java.net.DualStackPlainSocketImpl.bind0(Native Method)
	at java.net.DualStackPlainSocketImpl.socketBind(DualStackPlainSocketImpl.java:106)
	at java.net.AbstractPlainSocketImpl.bind(AbstractPlainSocketImpl.java:387)
	at java.net.PlainSocketImpl.bind(PlainSocketImpl.java:190)
	at java.net.ServerSocket.bind(ServerSocket.java:375)
	at java.net.ServerSocket.<init>(ServerSocket.java:237)
	at org.apache.catalina.core.StandardServer.await(StandardServer.java:582)
	at org.apache.catalina.startup.Catalina.await(Catalina.java:722)
	at org.apache.catalina.startup.Catalina.start(Catalina.java:668)
	at sun.reflect.NativeMethodAccessorImpl.invoke0(Native Method)
	at sun.reflect.NativeMethodAccessorImpl.invoke(NativeMethodAccessorImpl.java:62)
	at sun.reflect.DelegatingMethodAccessorImpl.invoke(DelegatingMethodAccessorImpl.java:43)
	at java.lang.reflect.Method.invoke(Method.java:498)
	at org.apache.catalina.startup.Bootstrap.start(Bootstrap.java:350)
	at org.apache.catalina.startup.Bootstrap.main(Bootstrap.java:492)

25-Jun-2019 17:43:11.053 資訊 [main] org.apache.coyote.AbstractProtocol.pause Pausing ProtocolHandler ["http-nio-8081"]
25-Jun-2019 17:43:11.054 資訊 [main] org.apache.coyote.AbstractProtocol.pause Pausing ProtocolHandler ["ajp-nio-8009"]
25-Jun-2019 17:43:11.055 資訊 [main] org.apache.catalina.core.StandardService.stopInternal Stopping service [Catalina]
25-Jun-2019 17:43:11.122 資訊 [main] org.apache.coyote.AbstractProtocol.stop Stopping ProtocolHandler ["http-nio-8081"]
25-Jun-2019 17:43:11.123 資訊 [main] org.apache.coyote.AbstractProtocol.destroy Destroying ProtocolHandler ["http-nio-8081"]
25-Jun-2019 17:43:11.124 資訊 [main] org.apache.coyote.AbstractProtocol.stop Stopping ProtocolHandler ["ajp-nio-8009"]
25-Jun-2019 17:43:11.124 資訊 [main] org.apache.coyote.AbstractProtocol.destroy Destroying ProtocolHandler ["ajp-nio-8009"]
25-Jun-2019 17:43:36.079 資訊 [main] org.apache.catalina.startup.VersionLoggerListener.log Server version name:   Apache Tomcat/9.0.17
25-Jun-2019 17:43:36.082 資訊 [main] org.apache.catalina.startup.VersionLoggerListener.log Server built:          Mar 13 2019 15:55:27 UTC
25-Jun-2019 17:43:36.082 資訊 [main] org.apache.catalina.startup.VersionLoggerListener.log Server version number: 9.0.17.0
25-Jun-2019 17:43:36.083 資訊 [main] org.apache.catalina.startup.VersionLoggerListener.log OS Name:               Windows 10
25-Jun-2019 17:43:36.083 資訊 [main] org.apache.catalina.startup.VersionLoggerListener.log OS Version:            10.0
25-Jun-2019 17:43:36.083 資訊 [main] org.apache.catalina.startup.VersionLoggerListener.log Architecture:          amd64
25-Jun-2019 17:43:36.083 資訊 [main] org.apache.catalina.startup.VersionLoggerListener.log Java Home:             C:\jdk1.8.0_201\jre
25-Jun-2019 17:43:36.084 資訊 [main] org.apache.catalina.startup.VersionLoggerListener.log JVM Version:           1.8.0_201-b09
25-Jun-2019 17:43:36.084 資訊 [main] org.apache.catalina.startup.VersionLoggerListener.log JVM Vendor:            Oracle Corporation
25-Jun-2019 17:43:36.084 資訊 [main] org.apache.catalina.startup.VersionLoggerListener.log CATALINA_BASE:         C:\DA101_WebApp\apache-tomcat-9.0.17
25-Jun-2019 17:43:36.084 資訊 [main] org.apache.catalina.startup.VersionLoggerListener.log CATALINA_HOME:         C:\DA101_WebApp\apache-tomcat-9.0.17
25-Jun-2019 17:43:36.085 資訊 [main] org.apache.catalina.startup.VersionLoggerListener.log Command line argument: -Djava.util.logging.config.file=C:\DA101_WebApp\apache-tomcat-9.0.17\conf\logging.properties
25-Jun-2019 17:43:36.085 資訊 [main] org.apache.catalina.startup.VersionLoggerListener.log Command line argument: -Djava.util.logging.manager=org.apache.juli.ClassLoaderLogManager
25-Jun-2019 17:43:36.085 資訊 [main] org.apache.catalina.startup.VersionLoggerListener.log Command line argument: -Djdk.tls.ephemeralDHKeySize=2048
25-Jun-2019 17:43:36.086 資訊 [main] org.apache.catalina.startup.VersionLoggerListener.log Command line argument: -Djava.protocol.handler.pkgs=org.apache.catalina.webresources
25-Jun-2019 17:43:36.086 資訊 [main] org.apache.catalina.startup.VersionLoggerListener.log Command line argument: -Dignore.endorsed.dirs=
25-Jun-2019 17:43:36.086 資訊 [main] org.apache.catalina.startup.VersionLoggerListener.log Command line argument: -Dcatalina.base=C:\DA101_WebApp\apache-tomcat-9.0.17
25-Jun-2019 17:43:36.087 資訊 [main] org.apache.catalina.startup.VersionLoggerListener.log Command line argument: -Dcatalina.home=C:\DA101_WebApp\apache-tomcat-9.0.17
25-Jun-2019 17:43:36.088 資訊 [main] org.apache.catalina.startup.VersionLoggerListener.log Command line argument: -Djava.io.tmpdir=C:\DA101_WebApp\apache-tomcat-9.0.17\temp
25-Jun-2019 17:43:36.088 資訊 [main] org.apache.catalina.core.AprLifecycleListener.lifecycleEvent The APR based Apache Tomcat Native library which allows optimal performance in production environments was not found on the java.library.path: [C:\jdk1.8.0_201\bin;C:\Windows\Sun\Java\bin;C:\Windows\system32;C:\Windows;C:\oraclexe\app\oracle\product\11.2.0\server\bin;;C:\jdk1.8.0_201\bin;C:\Program Files (x86)\Common Files\Oracle\Java\javapath;C:\Windows\system32;C:\Windows;C:\Windows\System32\Wbem;C:\Windows\System32\WindowsPowerShell\v1.0\;C:\Windows\System32\OpenSSH\;C:\Program Files\Crucial\Crucial Storage Executive;C:\Redis\;C:\Program Files\PuTTY\;C:\Program Files\nodejs\;C:\PROGRA~2\IDMCOM~1\ULTRAE~1;C:\Users\30678\AppData\Local\GitHubDesktop\bin;C:\Users\30678\AppData\Roaming\npm;.]
25-Jun-2019 17:43:36.237 資訊 [main] org.apache.coyote.AbstractProtocol.init Initializing ProtocolHandler ["http-nio-8081"]
25-Jun-2019 17:43:36.344 嚴重 [main] org.apache.catalina.util.LifecycleBase.handleSubClassException Failed to initialize component [Connector[HTTP/1.1-8081]]
 org.apache.catalina.LifecycleException: Protocol handler initialization failed
	at org.apache.catalina.connector.Connector.initInternal(Connector.java:983)
	at org.apache.catalina.util.LifecycleBase.init(LifecycleBase.java:136)
	at org.apache.catalina.core.StandardService.initInternal(StandardService.java:535)
	at org.apache.catalina.util.LifecycleBase.init(LifecycleBase.java:136)
	at org.apache.catalina.core.StandardServer.initInternal(StandardServer.java:1055)
	at org.apache.catalina.util.LifecycleBase.init(LifecycleBase.java:136)
	at org.apache.catalina.startup.Catalina.load(Catalina.java:585)
	at org.apache.catalina.startup.Catalina.load(Catalina.java:608)
	at sun.reflect.NativeMethodAccessorImpl.invoke0(Native Method)
	at sun.reflect.NativeMethodAccessorImpl.invoke(NativeMethodAccessorImpl.java:62)
	at sun.reflect.DelegatingMethodAccessorImpl.invoke(DelegatingMethodAccessorImpl.java:43)
	at java.lang.reflect.Method.invoke(Method.java:498)
	at org.apache.catalina.startup.Bootstrap.load(Bootstrap.java:306)
	at org.apache.catalina.startup.Bootstrap.main(Bootstrap.java:491)
Caused by: java.net.BindException: Address already in use: bind
	at sun.nio.ch.Net.bind0(Native Method)
	at sun.nio.ch.Net.bind(Net.java:433)
	at sun.nio.ch.Net.bind(Net.java:425)
	at sun.nio.ch.ServerSocketChannelImpl.bind(ServerSocketChannelImpl.java:223)
	at sun.nio.ch.ServerSocketAdaptor.bind(ServerSocketAdaptor.java:74)
	at org.apache.tomcat.util.net.NioEndpoint.initServerSocket(NioEndpoint.java:236)
	at org.apache.tomcat.util.net.NioEndpoint.bind(NioEndpoint.java:210)
	at org.apache.tomcat.util.net.AbstractEndpoint.bindWithCleanup(AbstractEndpoint.java:1103)
	at org.apache.tomcat.util.net.AbstractEndpoint.init(AbstractEndpoint.java:1116)
	at org.apache.coyote.AbstractProtocol.init(AbstractProtocol.java:557)
	at org.apache.coyote.http11.AbstractHttp11Protocol.init(AbstractHttp11Protocol.java:74)
	at org.apache.catalina.connector.Connector.initInternal(Connector.java:980)
	... 13 more

25-Jun-2019 17:43:36.346 資訊 [main] org.apache.coyote.AbstractProtocol.init Initializing ProtocolHandler ["ajp-nio-8009"]
25-Jun-2019 17:43:36.350 嚴重 [main] org.apache.catalina.util.LifecycleBase.handleSubClassException Failed to initialize component [Connector[AJP/1.3-8009]]
 org.apache.catalina.LifecycleException: Protocol handler initialization failed
	at org.apache.catalina.connector.Connector.initInternal(Connector.java:983)
	at org.apache.catalina.util.LifecycleBase.init(LifecycleBase.java:136)
	at org.apache.catalina.core.StandardService.initInternal(StandardService.java:535)
	at org.apache.catalina.util.LifecycleBase.init(LifecycleBase.java:136)
	at org.apache.catalina.core.StandardServer.initInternal(StandardServer.java:1055)
	at org.apache.catalina.util.LifecycleBase.init(LifecycleBase.java:136)
	at org.apache.catalina.startup.Catalina.load(Catalina.java:585)
	at org.apache.catalina.startup.Catalina.load(Catalina.java:608)
	at sun.reflect.NativeMethodAccessorImpl.invoke0(Native Method)
	at sun.reflect.NativeMethodAccessorImpl.invoke(NativeMethodAccessorImpl.java:62)
	at sun.reflect.DelegatingMethodAccessorImpl.invoke(DelegatingMethodAccessorImpl.java:43)
	at java.lang.reflect.Method.invoke(Method.java:498)
	at org.apache.catalina.startup.Bootstrap.load(Bootstrap.java:306)
	at org.apache.catalina.startup.Bootstrap.main(Bootstrap.java:491)
Caused by: java.net.BindException: Address already in use: bind
	at sun.nio.ch.Net.bind0(Native Method)
	at sun.nio.ch.Net.bind(Net.java:433)
	at sun.nio.ch.Net.bind(Net.java:425)
	at sun.nio.ch.ServerSocketChannelImpl.bind(ServerSocketChannelImpl.java:223)
	at sun.nio.ch.ServerSocketAdaptor.bind(ServerSocketAdaptor.java:74)
	at org.apache.tomcat.util.net.NioEndpoint.initServerSocket(NioEndpoint.java:236)
	at org.apache.tomcat.util.net.NioEndpoint.bind(NioEndpoint.java:210)
	at org.apache.tomcat.util.net.AbstractEndpoint.bindWithCleanup(AbstractEndpoint.java:1103)
	at org.apache.tomcat.util.net.AbstractEndpoint.init(AbstractEndpoint.java:1116)
	at org.apache.coyote.AbstractProtocol.init(AbstractProtocol.java:557)
	at org.apache.catalina.connector.Connector.initInternal(Connector.java:980)
	... 13 more

25-Jun-2019 17:43:36.352 資訊 [main] org.apache.catalina.startup.Catalina.load Server initialization in [665] milliseconds
25-Jun-2019 17:43:36.376 資訊 [main] org.apache.catalina.core.StandardService.startInternal Starting service [Catalina]
25-Jun-2019 17:43:36.376 資訊 [main] org.apache.catalina.core.StandardEngine.startInternal Starting Servlet engine: [Apache Tomcat/9.0.17]
25-Jun-2019 17:43:36.385 資訊 [main] org.apache.catalina.startup.HostConfig.deployDirectory Deploying web application directory [C:\DA101_WebApp\apache-tomcat-9.0.17\webapps\AjaxLab_Java_DA101]
25-Jun-2019 17:43:37.018 資訊 [main] org.apache.jasper.servlet.TldScanner.scanJars At least one JAR was scanned for TLDs yet contained no TLDs. Enable debug logging for this logger for a complete list of JARs that were scanned but no TLDs were found in them. Skipping unneeded JARs during scanning can improve startup time and JSP compilation time.
25-Jun-2019 17:43:37.052 資訊 [main] org.apache.catalina.startup.HostConfig.deployDirectory Deployment of web application directory [C:\DA101_WebApp\apache-tomcat-9.0.17\webapps\AjaxLab_Java_DA101] has finished in [666] ms
25-Jun-2019 17:43:37.052 資訊 [main] org.apache.catalina.startup.HostConfig.deployDirectory Deploying web application directory [C:\DA101_WebApp\apache-tomcat-9.0.17\webapps\AjaxLab_Java_DA101_C]
25-Jun-2019 17:43:37.370 資訊 [main] org.apache.jasper.servlet.TldScanner.scanJars At least one JAR was scanned for TLDs yet contained no TLDs. Enable debug logging for this logger for a complete list of JARs that were scanned but no TLDs were found in them. Skipping unneeded JARs during scanning can improve startup time and JSP compilation time.
25-Jun-2019 17:43:37.372 資訊 [main] org.apache.catalina.startup.HostConfig.deployDirectory Deployment of web application directory [C:\DA101_WebApp\apache-tomcat-9.0.17\webapps\AjaxLab_Java_DA101_C] has finished in [320] ms
25-Jun-2019 17:43:37.372 資訊 [main] org.apache.catalina.startup.HostConfig.deployDirectory Deploying web application directory [C:\DA101_WebApp\apache-tomcat-9.0.17\webapps\DataSource_JNDI]
25-Jun-2019 17:43:37.631 資訊 [main] org.apache.jasper.servlet.TldScanner.scanJars At least one JAR was scanned for TLDs yet contained no TLDs. Enable debug logging for this logger for a complete list of JARs that were scanned but no TLDs were found in them. Skipping unneeded JARs during scanning can improve startup time and JSP compilation time.
25-Jun-2019 17:43:37.634 資訊 [main] org.apache.catalina.startup.HostConfig.deployDirectory Deployment of web application directory [C:\DA101_WebApp\apache-tomcat-9.0.17\webapps\DataSource_JNDI] has finished in [262] ms
25-Jun-2019 17:43:37.635 資訊 [main] org.apache.catalina.startup.HostConfig.deployDirectory Deploying web application directory [C:\DA101_WebApp\apache-tomcat-9.0.17\webapps\docs]
25-Jun-2019 17:43:37.948 資訊 [main] org.apache.jasper.servlet.TldScanner.scanJars At least one JAR was scanned for TLDs yet contained no TLDs. Enable debug logging for this logger for a complete list of JARs that were scanned but no TLDs were found in them. Skipping unneeded JARs during scanning can improve startup time and JSP compilation time.
25-Jun-2019 17:43:37.952 資訊 [main] org.apache.catalina.startup.HostConfig.deployDirectory Deployment of web application directory [C:\DA101_WebApp\apache-tomcat-9.0.17\webapps\docs] has finished in [318] ms
25-Jun-2019 17:43:37.953 資訊 [main] org.apache.catalina.startup.HostConfig.deployDirectory Deploying web application directory [C:\DA101_WebApp\apache-tomcat-9.0.17\webapps\examples]
25-Jun-2019 17:43:38.545 資訊 [main] org.apache.jasper.servlet.TldScanner.scanJars At least one JAR was scanned for TLDs yet contained no TLDs. Enable debug logging for this logger for a complete list of JARs that were scanned but no TLDs were found in them. Skipping unneeded JARs during scanning can improve startup time and JSP compilation time.
25-Jun-2019 17:43:38.606 資訊 [main] org.apache.catalina.startup.HostConfig.deployDirectory Deployment of web application directory [C:\DA101_WebApp\apache-tomcat-9.0.17\webapps\examples] has finished in [653] ms
25-Jun-2019 17:43:38.607 資訊 [main] org.apache.catalina.startup.HostConfig.deployDirectory Deploying web application directory [C:\DA101_WebApp\apache-tomcat-9.0.17\webapps\ForwardRedirect]
25-Jun-2019 17:43:38.939 資訊 [main] org.apache.jasper.servlet.TldScanner.scanJars At least one JAR was scanned for TLDs yet contained no TLDs. Enable debug logging for this logger for a complete list of JARs that were scanned but no TLDs were found in them. Skipping unneeded JARs during scanning can improve startup time and JSP compilation time.
25-Jun-2019 17:43:38.943 資訊 [main] org.apache.catalina.startup.HostConfig.deployDirectory Deployment of web application directory [C:\DA101_WebApp\apache-tomcat-9.0.17\webapps\ForwardRedirect] has finished in [335] ms
25-Jun-2019 17:43:38.944 資訊 [main] org.apache.catalina.startup.HostConfig.deployDirectory Deploying web application directory [C:\DA101_WebApp\apache-tomcat-9.0.17\webapps\ForwardRedirect2]
25-Jun-2019 17:43:39.285 資訊 [main] org.apache.jasper.servlet.TldScanner.scanJars At least one JAR was scanned for TLDs yet contained no TLDs. Enable debug logging for this logger for a complete list of JARs that were scanned but no TLDs were found in them. Skipping unneeded JARs during scanning can improve startup time and JSP compilation time.
25-Jun-2019 17:43:39.289 資訊 [main] org.apache.catalina.startup.HostConfig.deployDirectory Deployment of web application directory [C:\DA101_WebApp\apache-tomcat-9.0.17\webapps\ForwardRedirect2] has finished in [344] ms
25-Jun-2019 17:43:39.289 資訊 [main] org.apache.catalina.startup.HostConfig.deployDirectory Deploying web application directory [C:\DA101_WebApp\apache-tomcat-9.0.17\webapps\host-manager]
25-Jun-2019 17:43:39.572 資訊 [main] org.apache.jasper.servlet.TldScanner.scanJars At least one JAR was scanned for TLDs yet contained no TLDs. Enable debug logging for this logger for a complete list of JARs that were scanned but no TLDs were found in them. Skipping unneeded JARs during scanning can improve startup time and JSP compilation time.
25-Jun-2019 17:43:39.577 資訊 [main] org.apache.catalina.startup.HostConfig.deployDirectory Deployment of web application directory [C:\DA101_WebApp\apache-tomcat-9.0.17\webapps\host-manager] has finished in [288] ms
25-Jun-2019 17:43:39.578 資訊 [main] org.apache.catalina.startup.HostConfig.deployDirectory Deploying web application directory [C:\DA101_WebApp\apache-tomcat-9.0.17\webapps\IBM_9]
25-Jun-2019 17:43:39.876 資訊 [main] org.apache.jasper.servlet.TldScanner.scanJars At least one JAR was scanned for TLDs yet contained no TLDs. Enable debug logging for this logger for a complete list of JARs that were scanned but no TLDs were found in them. Skipping unneeded JARs during scanning can improve startup time and JSP compilation time.
25-Jun-2019 17:43:39.880 資訊 [main] org.apache.catalina.startup.HostConfig.deployDirectory Deployment of web application directory [C:\DA101_WebApp\apache-tomcat-9.0.17\webapps\IBM_9] has finished in [302] ms
25-Jun-2019 17:43:39.881 資訊 [main] org.apache.catalina.startup.HostConfig.deployDirectory Deploying web application directory [C:\DA101_WebApp\apache-tomcat-9.0.17\webapps\IBM_HelloBean]
25-Jun-2019 17:43:40.151 資訊 [main] org.apache.jasper.servlet.TldScanner.scanJars At least one JAR was scanned for TLDs yet contained no TLDs. Enable debug logging for this logger for a complete list of JARs that were scanned but no TLDs were found in them. Skipping unneeded JARs during scanning can improve startup time and JSP compilation time.
25-Jun-2019 17:43:40.156 資訊 [main] org.apache.catalina.startup.HostConfig.deployDirectory Deployment of web application directory [C:\DA101_WebApp\apache-tomcat-9.0.17\webapps\IBM_HelloBean] has finished in [274] ms
25-Jun-2019 17:43:40.157 資訊 [main] org.apache.catalina.startup.HostConfig.deployDirectory Deploying web application directory [C:\DA101_WebApp\apache-tomcat-9.0.17\webapps\IBM_Tag1]
25-Jun-2019 17:43:40.393 資訊 [main] org.apache.jasper.servlet.TldScanner.scanJars At least one JAR was scanned for TLDs yet contained no TLDs. Enable debug logging for this logger for a complete list of JARs that were scanned but no TLDs were found in them. Skipping unneeded JARs during scanning can improve startup time and JSP compilation time.
25-Jun-2019 17:43:40.396 資訊 [main] org.apache.catalina.startup.HostConfig.deployDirectory Deployment of web application directory [C:\DA101_WebApp\apache-tomcat-9.0.17\webapps\IBM_Tag1] has finished in [240] ms
25-Jun-2019 17:43:40.396 資訊 [main] org.apache.catalina.startup.HostConfig.deployDirectory Deploying web application directory [C:\DA101_WebApp\apache-tomcat-9.0.17\webapps\manager]
25-Jun-2019 17:43:40.607 資訊 [main] org.apache.jasper.servlet.TldScanner.scanJars At least one JAR was scanned for TLDs yet contained no TLDs. Enable debug logging for this logger for a complete list of JARs that were scanned but no TLDs were found in them. Skipping unneeded JARs during scanning can improve startup time and JSP compilation time.
25-Jun-2019 17:43:40.623 資訊 [main] org.apache.catalina.startup.HostConfig.deployDirectory Deployment of web application directory [C:\DA101_WebApp\apache-tomcat-9.0.17\webapps\manager] has finished in [227] ms
25-Jun-2019 17:43:40.624 資訊 [main] org.apache.catalina.startup.HostConfig.deployDirectory Deploying web application directory [C:\DA101_WebApp\apache-tomcat-9.0.17\webapps\ROOT]
25-Jun-2019 17:43:40.846 資訊 [main] org.apache.jasper.servlet.TldScanner.scanJars At least one JAR was scanned for TLDs yet contained no TLDs. Enable debug logging for this logger for a complete list of JARs that were scanned but no TLDs were found in them. Skipping unneeded JARs during scanning can improve startup time and JSP compilation time.
25-Jun-2019 17:43:40.849 資訊 [main] org.apache.catalina.startup.HostConfig.deployDirectory Deployment of web application directory [C:\DA101_WebApp\apache-tomcat-9.0.17\webapps\ROOT] has finished in [225] ms
25-Jun-2019 17:43:40.850 資訊 [main] org.apache.catalina.startup.HostConfig.deployDirectory Deploying web application directory [C:\DA101_WebApp\apache-tomcat-9.0.17\webapps\Security4_CUST_Session]
25-Jun-2019 17:43:41.150 資訊 [main] org.apache.jasper.servlet.TldScanner.scanJars At least one JAR was scanned for TLDs yet contained no TLDs. Enable debug logging for this logger for a complete list of JARs that were scanned but no TLDs were found in them. Skipping unneeded JARs during scanning can improve startup time and JSP compilation time.
25-Jun-2019 17:43:41.151 資訊 [main] org.apache.catalina.startup.HostConfig.deployDirectory Deployment of web application directory [C:\DA101_WebApp\apache-tomcat-9.0.17\webapps\Security4_CUST_Session] has finished in [302] ms
25-Jun-2019 17:43:41.152 資訊 [main] org.apache.catalina.startup.HostConfig.deployDirectory Deploying web application directory [C:\DA101_WebApp\apache-tomcat-9.0.17\webapps\Security5_CUST_Session_Filter]
25-Jun-2019 17:43:41.372 資訊 [main] org.apache.jasper.servlet.TldScanner.scanJars At least one JAR was scanned for TLDs yet contained no TLDs. Enable debug logging for this logger for a complete list of JARs that were scanned but no TLDs were found in them. Skipping unneeded JARs during scanning can improve startup time and JSP compilation time.
25-Jun-2019 17:43:41.375 資訊 [main] org.apache.catalina.startup.HostConfig.deployDirectory Deployment of web application directory [C:\DA101_WebApp\apache-tomcat-9.0.17\webapps\Security5_CUST_Session_Filter] has finished in [222] ms
25-Jun-2019 17:43:41.375 資訊 [main] org.apache.catalina.startup.HostConfig.deployDirectory Deploying web application directory [C:\DA101_WebApp\apache-tomcat-9.0.17\webapps\SL314_EL]
25-Jun-2019 17:43:41.604 資訊 [main] org.apache.jasper.servlet.TldScanner.scanJars At least one JAR was scanned for TLDs yet contained no TLDs. Enable debug logging for this logger for a complete list of JARs that were scanned but no TLDs were found in them. Skipping unneeded JARs during scanning can improve startup time and JSP compilation time.
25-Jun-2019 17:43:41.607 資訊 [main] org.apache.catalina.startup.HostConfig.deployDirectory Deployment of web application directory [C:\DA101_WebApp\apache-tomcat-9.0.17\webapps\SL314_EL] has finished in [231] ms
25-Jun-2019 17:43:41.607 資訊 [main] org.apache.catalina.startup.HostConfig.deployDirectory Deploying web application directory [C:\DA101_WebApp\apache-tomcat-9.0.17\webapps\SL314_Filter]
25-Jun-2019 17:43:41.822 資訊 [main] org.apache.jasper.servlet.TldScanner.scanJars At least one JAR was scanned for TLDs yet contained no TLDs. Enable debug logging for this logger for a complete list of JARs that were scanned but no TLDs were found in them. Skipping unneeded JARs during scanning can improve startup time and JSP compilation time.
25-Jun-2019 17:43:41.824 資訊 [main] org.apache.catalina.startup.HostConfig.deployDirectory Deployment of web application directory [C:\DA101_WebApp\apache-tomcat-9.0.17\webapps\SL314_Filter] has finished in [217] ms
25-Jun-2019 17:43:41.824 資訊 [main] org.apache.catalina.startup.HostConfig.deployDirectory Deploying web application directory [C:\DA101_WebApp\apache-tomcat-9.0.17\webapps\SL314_Filter2]
25-Jun-2019 17:43:42.039 資訊 [main] org.apache.jasper.servlet.TldScanner.scanJars At least one JAR was scanned for TLDs yet contained no TLDs. Enable debug logging for this logger for a complete list of JARs that were scanned but no TLDs were found in them. Skipping unneeded JARs during scanning can improve startup time and JSP compilation time.
25-Jun-2019 17:43:42.042 資訊 [main] org.apache.catalina.startup.HostConfig.deployDirectory Deployment of web application directory [C:\DA101_WebApp\apache-tomcat-9.0.17\webapps\SL314_Filter2] has finished in [218] ms
25-Jun-2019 17:43:42.043 資訊 [main] org.apache.catalina.startup.HostConfig.deployDirectory Deploying web application directory [C:\DA101_WebApp\apache-tomcat-9.0.17\webapps\SL314_JSTL]
25-Jun-2019 17:43:42.436 資訊 [main] org.apache.jasper.servlet.TldScanner.scanJars At least one JAR was scanned for TLDs yet contained no TLDs. Enable debug logging for this logger for a complete list of JARs that were scanned but no TLDs were found in them. Skipping unneeded JARs during scanning can improve startup time and JSP compilation time.
25-Jun-2019 17:43:42.448 資訊 [main] org.apache.catalina.startup.HostConfig.deployDirectory Deployment of web application directory [C:\DA101_WebApp\apache-tomcat-9.0.17\webapps\SL314_JSTL] has finished in [405] ms
25-Jun-2019 17:43:42.449 資訊 [main] org.apache.catalina.startup.HostConfig.deployDirectory Deploying web application directory [C:\DA101_WebApp\apache-tomcat-9.0.17\webapps\SL314_JSTL_SQL]
25-Jun-2019 17:43:42.758 資訊 [main] org.apache.jasper.servlet.TldScanner.scanJars At least one JAR was scanned for TLDs yet contained no TLDs. Enable debug logging for this logger for a complete list of JARs that were scanned but no TLDs were found in them. Skipping unneeded JARs during scanning can improve startup time and JSP compilation time.
25-Jun-2019 17:43:42.771 資訊 [main] org.apache.catalina.startup.HostConfig.deployDirectory Deployment of web application directory [C:\DA101_WebApp\apache-tomcat-9.0.17\webapps\SL314_JSTL_SQL] has finished in [322] ms
25-Jun-2019 17:43:42.776 資訊 [main] org.apache.catalina.startup.Catalina.start Server startup in [6,423] milliseconds
25-Jun-2019 17:43:42.781 嚴重 [main] org.apache.catalina.core.StandardServer.await Failed to create server shutdown socket on address [localhost] and port [8005] (base port [8005] and offset [0])
 java.net.BindException: Address already in use: JVM_Bind
	at java.net.DualStackPlainSocketImpl.bind0(Native Method)
	at java.net.DualStackPlainSocketImpl.socketBind(DualStackPlainSocketImpl.java:106)
	at java.net.AbstractPlainSocketImpl.bind(AbstractPlainSocketImpl.java:387)
	at java.net.PlainSocketImpl.bind(PlainSocketImpl.java:190)
	at java.net.ServerSocket.bind(ServerSocket.java:375)
	at java.net.ServerSocket.<init>(ServerSocket.java:237)
	at org.apache.catalina.core.StandardServer.await(StandardServer.java:582)
	at org.apache.catalina.startup.Catalina.await(Catalina.java:722)
	at org.apache.catalina.startup.Catalina.start(Catalina.java:668)
	at sun.reflect.NativeMethodAccessorImpl.invoke0(Native Method)
	at sun.reflect.NativeMethodAccessorImpl.invoke(NativeMethodAccessorImpl.java:62)
	at sun.reflect.DelegatingMethodAccessorImpl.invoke(DelegatingMethodAccessorImpl.java:43)
	at java.lang.reflect.Method.invoke(Method.java:498)
	at org.apache.catalina.startup.Bootstrap.start(Bootstrap.java:350)
	at org.apache.catalina.startup.Bootstrap.main(Bootstrap.java:492)

25-Jun-2019 17:43:42.782 資訊 [main] org.apache.coyote.AbstractProtocol.pause Pausing ProtocolHandler ["http-nio-8081"]
25-Jun-2019 17:43:42.783 資訊 [main] org.apache.coyote.AbstractProtocol.pause Pausing ProtocolHandler ["ajp-nio-8009"]
25-Jun-2019 17:43:42.783 資訊 [main] org.apache.catalina.core.StandardService.stopInternal Stopping service [Catalina]
25-Jun-2019 17:43:42.854 資訊 [main] org.apache.coyote.AbstractProtocol.stop Stopping ProtocolHandler ["http-nio-8081"]
25-Jun-2019 17:43:42.854 資訊 [main] org.apache.coyote.AbstractProtocol.destroy Destroying ProtocolHandler ["http-nio-8081"]
25-Jun-2019 17:43:42.855 資訊 [main] org.apache.coyote.AbstractProtocol.stop Stopping ProtocolHandler ["ajp-nio-8009"]
25-Jun-2019 17:43:42.856 資訊 [main] org.apache.coyote.AbstractProtocol.destroy Destroying ProtocolHandler ["ajp-nio-8009"]
25-Jun-2019 17:43:49.604 資訊 [main] org.apache.catalina.startup.VersionLoggerListener.log Server version name:   Apache Tomcat/9.0.17
25-Jun-2019 17:43:49.607 資訊 [main] org.apache.catalina.startup.VersionLoggerListener.log Server built:          Mar 13 2019 15:55:27 UTC
25-Jun-2019 17:43:49.607 資訊 [main] org.apache.catalina.startup.VersionLoggerListener.log Server version number: 9.0.17.0
25-Jun-2019 17:43:49.608 資訊 [main] org.apache.catalina.startup.VersionLoggerListener.log OS Name:               Windows 10
25-Jun-2019 17:43:49.608 資訊 [main] org.apache.catalina.startup.VersionLoggerListener.log OS Version:            10.0
25-Jun-2019 17:43:49.608 資訊 [main] org.apache.catalina.startup.VersionLoggerListener.log Architecture:          amd64
25-Jun-2019 17:43:49.608 資訊 [main] org.apache.catalina.startup.VersionLoggerListener.log Java Home:             C:\jdk1.8.0_201\jre
25-Jun-2019 17:43:49.609 資訊 [main] org.apache.catalina.startup.VersionLoggerListener.log JVM Version:           1.8.0_201-b09
25-Jun-2019 17:43:49.609 資訊 [main] org.apache.catalina.startup.VersionLoggerListener.log JVM Vendor:            Oracle Corporation
25-Jun-2019 17:43:49.609 資訊 [main] org.apache.catalina.startup.VersionLoggerListener.log CATALINA_BASE:         C:\DA101_WebApp\apache-tomcat-9.0.17
25-Jun-2019 17:43:49.609 資訊 [main] org.apache.catalina.startup.VersionLoggerListener.log CATALINA_HOME:         C:\DA101_WebApp\apache-tomcat-9.0.17
25-Jun-2019 17:43:49.610 資訊 [main] org.apache.catalina.startup.VersionLoggerListener.log Command line argument: -Djava.util.logging.config.file=C:\DA101_WebApp\apache-tomcat-9.0.17\conf\logging.properties
25-Jun-2019 17:43:49.610 資訊 [main] org.apache.catalina.startup.VersionLoggerListener.log Command line argument: -Djava.util.logging.manager=org.apache.juli.ClassLoaderLogManager
25-Jun-2019 17:43:49.610 資訊 [main] org.apache.catalina.startup.VersionLoggerListener.log Command line argument: -Djdk.tls.ephemeralDHKeySize=2048
25-Jun-2019 17:43:49.610 資訊 [main] org.apache.catalina.startup.VersionLoggerListener.log Command line argument: -Djava.protocol.handler.pkgs=org.apache.catalina.webresources
25-Jun-2019 17:43:49.610 資訊 [main] org.apache.catalina.startup.VersionLoggerListener.log Command line argument: -Dignore.endorsed.dirs=
25-Jun-2019 17:43:49.610 資訊 [main] org.apache.catalina.startup.VersionLoggerListener.log Command line argument: -Dcatalina.base=C:\DA101_WebApp\apache-tomcat-9.0.17
25-Jun-2019 17:43:49.611 資訊 [main] org.apache.catalina.startup.VersionLoggerListener.log Command line argument: -Dcatalina.home=C:\DA101_WebApp\apache-tomcat-9.0.17
25-Jun-2019 17:43:49.611 資訊 [main] org.apache.catalina.startup.VersionLoggerListener.log Command line argument: -Djava.io.tmpdir=C:\DA101_WebApp\apache-tomcat-9.0.17\temp
25-Jun-2019 17:43:49.612 資訊 [main] org.apache.catalina.core.AprLifecycleListener.lifecycleEvent The APR based Apache Tomcat Native library which allows optimal performance in production environments was not found on the java.library.path: [C:\jdk1.8.0_201\bin;C:\Windows\Sun\Java\bin;C:\Windows\system32;C:\Windows;C:\oraclexe\app\oracle\product\11.2.0\server\bin;;C:\jdk1.8.0_201\bin;C:\Program Files (x86)\Common Files\Oracle\Java\javapath;C:\Windows\system32;C:\Windows;C:\Windows\System32\Wbem;C:\Windows\System32\WindowsPowerShell\v1.0\;C:\Windows\System32\OpenSSH\;C:\Program Files\Crucial\Crucial Storage Executive;C:\Redis\;C:\Program Files\PuTTY\;C:\Program Files\nodejs\;C:\PROGRA~2\IDMCOM~1\ULTRAE~1;C:\Users\30678\AppData\Local\GitHubDesktop\bin;C:\Users\30678\AppData\Roaming\npm;.]
25-Jun-2019 17:43:49.773 資訊 [main] org.apache.coyote.AbstractProtocol.init Initializing ProtocolHandler ["http-nio-8081"]
25-Jun-2019 17:43:49.881 資訊 [main] org.apache.coyote.AbstractProtocol.init Initializing ProtocolHandler ["ajp-nio-8009"]
25-Jun-2019 17:43:49.884 資訊 [main] org.apache.catalina.startup.Catalina.load Server initialization in [647] milliseconds
25-Jun-2019 17:43:49.912 資訊 [main] org.apache.catalina.core.StandardService.startInternal Starting service [Catalina]
25-Jun-2019 17:43:49.913 資訊 [main] org.apache.catalina.core.StandardEngine.startInternal Starting Servlet engine: [Apache Tomcat/9.0.17]
25-Jun-2019 17:43:49.920 資訊 [main] org.apache.catalina.startup.HostConfig.deployDirectory Deploying web application directory [C:\DA101_WebApp\apache-tomcat-9.0.17\webapps\AjaxLab_Java_DA101]
25-Jun-2019 17:43:50.529 資訊 [main] org.apache.jasper.servlet.TldScanner.scanJars At least one JAR was scanned for TLDs yet contained no TLDs. Enable debug logging for this logger for a complete list of JARs that were scanned but no TLDs were found in them. Skipping unneeded JARs during scanning can improve startup time and JSP compilation time.
25-Jun-2019 17:43:50.572 資訊 [main] org.apache.catalina.startup.HostConfig.deployDirectory Deployment of web application directory [C:\DA101_WebApp\apache-tomcat-9.0.17\webapps\AjaxLab_Java_DA101] has finished in [652] ms
25-Jun-2019 17:43:50.573 資訊 [main] org.apache.catalina.startup.HostConfig.deployDirectory Deploying web application directory [C:\DA101_WebApp\apache-tomcat-9.0.17\webapps\AjaxLab_Java_DA101_C]
25-Jun-2019 17:43:50.943 資訊 [main] org.apache.jasper.servlet.TldScanner.scanJars At least one JAR was scanned for TLDs yet contained no TLDs. Enable debug logging for this logger for a complete list of JARs that were scanned but no TLDs were found in them. Skipping unneeded JARs during scanning can improve startup time and JSP compilation time.
25-Jun-2019 17:43:50.948 資訊 [main] org.apache.catalina.startup.HostConfig.deployDirectory Deployment of web application directory [C:\DA101_WebApp\apache-tomcat-9.0.17\webapps\AjaxLab_Java_DA101_C] has finished in [374] ms
25-Jun-2019 17:43:50.948 資訊 [main] org.apache.catalina.startup.HostConfig.deployDirectory Deploying web application directory [C:\DA101_WebApp\apache-tomcat-9.0.17\webapps\DataSource_JNDI]
25-Jun-2019 17:43:51.297 資訊 [main] org.apache.jasper.servlet.TldScanner.scanJars At least one JAR was scanned for TLDs yet contained no TLDs. Enable debug logging for this logger for a complete list of JARs that were scanned but no TLDs were found in them. Skipping unneeded JARs during scanning can improve startup time and JSP compilation time.
25-Jun-2019 17:43:51.302 資訊 [main] org.apache.catalina.startup.HostConfig.deployDirectory Deployment of web application directory [C:\DA101_WebApp\apache-tomcat-9.0.17\webapps\DataSource_JNDI] has finished in [354] ms
25-Jun-2019 17:43:51.303 資訊 [main] org.apache.catalina.startup.HostConfig.deployDirectory Deploying web application directory [C:\DA101_WebApp\apache-tomcat-9.0.17\webapps\docs]
25-Jun-2019 17:43:51.633 資訊 [main] org.apache.jasper.servlet.TldScanner.scanJars At least one JAR was scanned for TLDs yet contained no TLDs. Enable debug logging for this logger for a complete list of JARs that were scanned but no TLDs were found in them. Skipping unneeded JARs during scanning can improve startup time and JSP compilation time.
25-Jun-2019 17:43:51.636 資訊 [main] org.apache.catalina.startup.HostConfig.deployDirectory Deployment of web application directory [C:\DA101_WebApp\apache-tomcat-9.0.17\webapps\docs] has finished in [333] ms
25-Jun-2019 17:43:51.637 資訊 [main] org.apache.catalina.startup.HostConfig.deployDirectory Deploying web application directory [C:\DA101_WebApp\apache-tomcat-9.0.17\webapps\examples]
25-Jun-2019 17:43:52.186 資訊 [main] org.apache.jasper.servlet.TldScanner.scanJars At least one JAR was scanned for TLDs yet contained no TLDs. Enable debug logging for this logger for a complete list of JARs that were scanned but no TLDs were found in them. Skipping unneeded JARs during scanning can improve startup time and JSP compilation time.
25-Jun-2019 17:43:52.237 資訊 [main] org.apache.catalina.startup.HostConfig.deployDirectory Deployment of web application directory [C:\DA101_WebApp\apache-tomcat-9.0.17\webapps\examples] has finished in [600] ms
25-Jun-2019 17:43:52.238 資訊 [main] org.apache.catalina.startup.HostConfig.deployDirectory Deploying web application directory [C:\DA101_WebApp\apache-tomcat-9.0.17\webapps\ForwardRedirect]
25-Jun-2019 17:43:52.593 資訊 [main] org.apache.jasper.servlet.TldScanner.scanJars At least one JAR was scanned for TLDs yet contained no TLDs. Enable debug logging for this logger for a complete list of JARs that were scanned but no TLDs were found in them. Skipping unneeded JARs during scanning can improve startup time and JSP compilation time.
25-Jun-2019 17:43:52.599 資訊 [main] org.apache.catalina.startup.HostConfig.deployDirectory Deployment of web application directory [C:\DA101_WebApp\apache-tomcat-9.0.17\webapps\ForwardRedirect] has finished in [361] ms
25-Jun-2019 17:43:52.601 資訊 [main] org.apache.catalina.startup.HostConfig.deployDirectory Deploying web application directory [C:\DA101_WebApp\apache-tomcat-9.0.17\webapps\ForwardRedirect2]
25-Jun-2019 17:43:52.978 資訊 [main] org.apache.jasper.servlet.TldScanner.scanJars At least one JAR was scanned for TLDs yet contained no TLDs. Enable debug logging for this logger for a complete list of JARs that were scanned but no TLDs were found in them. Skipping unneeded JARs during scanning can improve startup time and JSP compilation time.
25-Jun-2019 17:43:52.982 資訊 [main] org.apache.catalina.startup.HostConfig.deployDirectory Deployment of web application directory [C:\DA101_WebApp\apache-tomcat-9.0.17\webapps\ForwardRedirect2] has finished in [381] ms
25-Jun-2019 17:43:52.982 資訊 [main] org.apache.catalina.startup.HostConfig.deployDirectory Deploying web application directory [C:\DA101_WebApp\apache-tomcat-9.0.17\webapps\host-manager]
25-Jun-2019 17:43:53.331 資訊 [main] org.apache.jasper.servlet.TldScanner.scanJars At least one JAR was scanned for TLDs yet contained no TLDs. Enable debug logging for this logger for a complete list of JARs that were scanned but no TLDs were found in them. Skipping unneeded JARs during scanning can improve startup time and JSP compilation time.
25-Jun-2019 17:43:53.338 資訊 [main] org.apache.catalina.startup.HostConfig.deployDirectory Deployment of web application directory [C:\DA101_WebApp\apache-tomcat-9.0.17\webapps\host-manager] has finished in [356] ms
25-Jun-2019 17:43:53.338 資訊 [main] org.apache.catalina.startup.HostConfig.deployDirectory Deploying web application directory [C:\DA101_WebApp\apache-tomcat-9.0.17\webapps\IBM_9]
25-Jun-2019 17:43:53.716 資訊 [main] org.apache.jasper.servlet.TldScanner.scanJars At least one JAR was scanned for TLDs yet contained no TLDs. Enable debug logging for this logger for a complete list of JARs that were scanned but no TLDs were found in them. Skipping unneeded JARs during scanning can improve startup time and JSP compilation time.
25-Jun-2019 17:43:53.720 資訊 [main] org.apache.catalina.startup.HostConfig.deployDirectory Deployment of web application directory [C:\DA101_WebApp\apache-tomcat-9.0.17\webapps\IBM_9] has finished in [382] ms
25-Jun-2019 17:43:53.725 資訊 [main] org.apache.catalina.startup.HostConfig.deployDirectory Deploying web application directory [C:\DA101_WebApp\apache-tomcat-9.0.17\webapps\IBM_HelloBean]
25-Jun-2019 17:43:54.031 資訊 [main] org.apache.jasper.servlet.TldScanner.scanJars At least one JAR was scanned for TLDs yet contained no TLDs. Enable debug logging for this logger for a complete list of JARs that were scanned but no TLDs were found in them. Skipping unneeded JARs during scanning can improve startup time and JSP compilation time.
25-Jun-2019 17:43:54.033 資訊 [main] org.apache.catalina.startup.HostConfig.deployDirectory Deployment of web application directory [C:\DA101_WebApp\apache-tomcat-9.0.17\webapps\IBM_HelloBean] has finished in [308] ms
25-Jun-2019 17:43:54.034 資訊 [main] org.apache.catalina.startup.HostConfig.deployDirectory Deploying web application directory [C:\DA101_WebApp\apache-tomcat-9.0.17\webapps\IBM_Tag1]
25-Jun-2019 17:43:54.290 資訊 [main] org.apache.jasper.servlet.TldScanner.scanJars At least one JAR was scanned for TLDs yet contained no TLDs. Enable debug logging for this logger for a complete list of JARs that were scanned but no TLDs were found in them. Skipping unneeded JARs during scanning can improve startup time and JSP compilation time.
25-Jun-2019 17:43:54.293 資訊 [main] org.apache.catalina.startup.HostConfig.deployDirectory Deployment of web application directory [C:\DA101_WebApp\apache-tomcat-9.0.17\webapps\IBM_Tag1] has finished in [259] ms
25-Jun-2019 17:43:54.294 資訊 [main] org.apache.catalina.startup.HostConfig.deployDirectory Deploying web application directory [C:\DA101_WebApp\apache-tomcat-9.0.17\webapps\manager]
25-Jun-2019 17:43:54.486 資訊 [main] org.apache.jasper.servlet.TldScanner.scanJars At least one JAR was scanned for TLDs yet contained no TLDs. Enable debug logging for this logger for a complete list of JARs that were scanned but no TLDs were found in them. Skipping unneeded JARs during scanning can improve startup time and JSP compilation time.
25-Jun-2019 17:43:54.501 資訊 [main] org.apache.catalina.startup.HostConfig.deployDirectory Deployment of web application directory [C:\DA101_WebApp\apache-tomcat-9.0.17\webapps\manager] has finished in [207] ms
25-Jun-2019 17:43:54.501 資訊 [main] org.apache.catalina.startup.HostConfig.deployDirectory Deploying web application directory [C:\DA101_WebApp\apache-tomcat-9.0.17\webapps\ROOT]
25-Jun-2019 17:43:54.698 資訊 [main] org.apache.jasper.servlet.TldScanner.scanJars At least one JAR was scanned for TLDs yet contained no TLDs. Enable debug logging for this logger for a complete list of JARs that were scanned but no TLDs were found in them. Skipping unneeded JARs during scanning can improve startup time and JSP compilation time.
25-Jun-2019 17:43:54.701 資訊 [main] org.apache.catalina.startup.HostConfig.deployDirectory Deployment of web application directory [C:\DA101_WebApp\apache-tomcat-9.0.17\webapps\ROOT] has finished in [200] ms
25-Jun-2019 17:43:54.702 資訊 [main] org.apache.catalina.startup.HostConfig.deployDirectory Deploying web application directory [C:\DA101_WebApp\apache-tomcat-9.0.17\webapps\Security4_CUST_Session]
25-Jun-2019 17:43:54.987 資訊 [main] org.apache.jasper.servlet.TldScanner.scanJars At least one JAR was scanned for TLDs yet contained no TLDs. Enable debug logging for this logger for a complete list of JARs that were scanned but no TLDs were found in them. Skipping unneeded JARs during scanning can improve startup time and JSP compilation time.
25-Jun-2019 17:43:54.990 資訊 [main] org.apache.catalina.startup.HostConfig.deployDirectory Deployment of web application directory [C:\DA101_WebApp\apache-tomcat-9.0.17\webapps\Security4_CUST_Session] has finished in [288] ms
25-Jun-2019 17:43:54.990 資訊 [main] org.apache.catalina.startup.HostConfig.deployDirectory Deploying web application directory [C:\DA101_WebApp\apache-tomcat-9.0.17\webapps\Security5_CUST_Session_Filter]
25-Jun-2019 17:43:55.233 資訊 [main] org.apache.jasper.servlet.TldScanner.scanJars At least one JAR was scanned for TLDs yet contained no TLDs. Enable debug logging for this logger for a complete list of JARs that were scanned but no TLDs were found in them. Skipping unneeded JARs during scanning can improve startup time and JSP compilation time.
25-Jun-2019 17:43:55.235 資訊 [main] org.apache.catalina.startup.HostConfig.deployDirectory Deployment of web application directory [C:\DA101_WebApp\apache-tomcat-9.0.17\webapps\Security5_CUST_Session_Filter] has finished in [245] ms
25-Jun-2019 17:43:55.236 資訊 [main] org.apache.catalina.startup.HostConfig.deployDirectory Deploying web application directory [C:\DA101_WebApp\apache-tomcat-9.0.17\webapps\SL314_EL]
25-Jun-2019 17:43:55.469 資訊 [main] org.apache.jasper.servlet.TldScanner.scanJars At least one JAR was scanned for TLDs yet contained no TLDs. Enable debug logging for this logger for a complete list of JARs that were scanned but no TLDs were found in them. Skipping unneeded JARs during scanning can improve startup time and JSP compilation time.
25-Jun-2019 17:43:55.473 資訊 [main] org.apache.catalina.startup.HostConfig.deployDirectory Deployment of web application directory [C:\DA101_WebApp\apache-tomcat-9.0.17\webapps\SL314_EL] has finished in [237] ms
25-Jun-2019 17:43:55.474 資訊 [main] org.apache.catalina.startup.HostConfig.deployDirectory Deploying web application directory [C:\DA101_WebApp\apache-tomcat-9.0.17\webapps\SL314_Filter]
25-Jun-2019 17:43:55.686 資訊 [main] org.apache.jasper.servlet.TldScanner.scanJars At least one JAR was scanned for TLDs yet contained no TLDs. Enable debug logging for this logger for a complete list of JARs that were scanned but no TLDs were found in them. Skipping unneeded JARs during scanning can improve startup time and JSP compilation time.
25-Jun-2019 17:43:55.688 資訊 [main] org.apache.catalina.startup.HostConfig.deployDirectory Deployment of web application directory [C:\DA101_WebApp\apache-tomcat-9.0.17\webapps\SL314_Filter] has finished in [214] ms
25-Jun-2019 17:43:55.688 資訊 [main] org.apache.catalina.startup.HostConfig.deployDirectory Deploying web application directory [C:\DA101_WebApp\apache-tomcat-9.0.17\webapps\SL314_Filter2]
25-Jun-2019 17:43:55.899 資訊 [main] org.apache.jasper.servlet.TldScanner.scanJars At least one JAR was scanned for TLDs yet contained no TLDs. Enable debug logging for this logger for a complete list of JARs that were scanned but no TLDs were found in them. Skipping unneeded JARs during scanning can improve startup time and JSP compilation time.
25-Jun-2019 17:43:55.903 資訊 [main] org.apache.catalina.startup.HostConfig.deployDirectory Deployment of web application directory [C:\DA101_WebApp\apache-tomcat-9.0.17\webapps\SL314_Filter2] has finished in [214] ms
25-Jun-2019 17:43:55.903 資訊 [main] org.apache.catalina.startup.HostConfig.deployDirectory Deploying web application directory [C:\DA101_WebApp\apache-tomcat-9.0.17\webapps\SL314_JSTL]
25-Jun-2019 17:43:56.220 資訊 [main] org.apache.jasper.servlet.TldScanner.scanJars At least one JAR was scanned for TLDs yet contained no TLDs. Enable debug logging for this logger for a complete list of JARs that were scanned but no TLDs were found in them. Skipping unneeded JARs during scanning can improve startup time and JSP compilation time.
25-Jun-2019 17:43:56.236 資訊 [main] org.apache.catalina.startup.HostConfig.deployDirectory Deployment of web application directory [C:\DA101_WebApp\apache-tomcat-9.0.17\webapps\SL314_JSTL] has finished in [333] ms
25-Jun-2019 17:43:56.237 資訊 [main] org.apache.catalina.startup.HostConfig.deployDirectory Deploying web application directory [C:\DA101_WebApp\apache-tomcat-9.0.17\webapps\SL314_JSTL_SQL]
25-Jun-2019 17:43:56.641 資訊 [main] org.apache.jasper.servlet.TldScanner.scanJars At least one JAR was scanned for TLDs yet contained no TLDs. Enable debug logging for this logger for a complete list of JARs that were scanned but no TLDs were found in them. Skipping unneeded JARs during scanning can improve startup time and JSP compilation time.
25-Jun-2019 17:43:56.654 資訊 [main] org.apache.catalina.startup.HostConfig.deployDirectory Deployment of web application directory [C:\DA101_WebApp\apache-tomcat-9.0.17\webapps\SL314_JSTL_SQL] has finished in [416] ms
25-Jun-2019 17:43:56.659 資訊 [main] org.apache.coyote.AbstractProtocol.start Starting ProtocolHandler ["http-nio-8081"]
25-Jun-2019 17:43:56.670 資訊 [main] org.apache.coyote.AbstractProtocol.start Starting ProtocolHandler ["ajp-nio-8009"]
25-Jun-2019 17:43:56.674 資訊 [main] org.apache.catalina.startup.Catalina.start Server startup in [6,788] milliseconds
25-Jun-2019 17:45:43.742 資訊 [main] org.apache.catalina.core.StandardServer.await A valid shutdown command was received via the shutdown port. Stopping the Server instance.
25-Jun-2019 17:45:43.743 資訊 [main] org.apache.coyote.AbstractProtocol.pause Pausing ProtocolHandler ["http-nio-8081"]
25-Jun-2019 17:45:43.812 資訊 [main] org.apache.coyote.AbstractProtocol.pause Pausing ProtocolHandler ["ajp-nio-8009"]
25-Jun-2019 17:45:43.866 資訊 [main] org.apache.catalina.core.StandardService.stopInternal Stopping service [Catalina]
25-Jun-2019 17:45:43.937 資訊 [main] org.apache.coyote.AbstractProtocol.stop Stopping ProtocolHandler ["http-nio-8081"]
25-Jun-2019 17:45:43.938 資訊 [main] org.apache.coyote.AbstractProtocol.stop Stopping ProtocolHandler ["ajp-nio-8009"]
25-Jun-2019 17:45:43.940 資訊 [main] org.apache.coyote.AbstractProtocol.destroy Destroying ProtocolHandler ["http-nio-8081"]
25-Jun-2019 17:45:43.941 資訊 [main] org.apache.coyote.AbstractProtocol.destroy Destroying ProtocolHandler ["ajp-nio-8009"]
25-Jun-2019 17:50:49.371 嚴重 [main] org.apache.catalina.startup.Catalina.stopServer Could not contact [localhost:8005] (base port [8005] and offset [0]). Tomcat may not be running.
25-Jun-2019 17:50:49.375 嚴重 [main] org.apache.catalina.startup.Catalina.stopServer Error stopping Catalina
 java.net.ConnectException: Connection refused: connect
	at java.net.DualStackPlainSocketImpl.connect0(Native Method)
	at java.net.DualStackPlainSocketImpl.socketConnect(DualStackPlainSocketImpl.java:79)
	at java.net.AbstractPlainSocketImpl.doConnect(AbstractPlainSocketImpl.java:350)
	at java.net.AbstractPlainSocketImpl.connectToAddress(AbstractPlainSocketImpl.java:206)
	at java.net.AbstractPlainSocketImpl.connect(AbstractPlainSocketImpl.java:188)
	at java.net.PlainSocketImpl.connect(PlainSocketImpl.java:172)
	at java.net.SocksSocketImpl.connect(SocksSocketImpl.java:392)
	at java.net.Socket.connect(Socket.java:589)
	at java.net.Socket.connect(Socket.java:538)
	at java.net.Socket.<init>(Socket.java:434)
	at java.net.Socket.<init>(Socket.java:211)
	at org.apache.catalina.startup.Catalina.stopServer(Catalina.java:514)
	at sun.reflect.NativeMethodAccessorImpl.invoke0(Native Method)
	at sun.reflect.NativeMethodAccessorImpl.invoke(NativeMethodAccessorImpl.java:62)
	at sun.reflect.DelegatingMethodAccessorImpl.invoke(DelegatingMethodAccessorImpl.java:43)
	at java.lang.reflect.Method.invoke(Method.java:498)
	at org.apache.catalina.startup.Bootstrap.stopServer(Bootstrap.java:403)
	at org.apache.catalina.startup.Bootstrap.main(Bootstrap.java:497)

