18-May-2019 19:11:31.509 資訊 [main] org.apache.catalina.startup.VersionLoggerListener.log Server version name:   Apache Tomcat/9.0.17
18-May-2019 19:11:31.512 資訊 [main] org.apache.catalina.startup.VersionLoggerListener.log Server built:          Mar 13 2019 15:55:27 UTC
18-May-2019 19:11:31.513 資訊 [main] org.apache.catalina.startup.VersionLoggerListener.log Server version number: 9.0.17.0
18-May-2019 19:11:31.513 資訊 [main] org.apache.catalina.startup.VersionLoggerListener.log OS Name:               Windows 10
18-May-2019 19:11:31.513 資訊 [main] org.apache.catalina.startup.VersionLoggerListener.log OS Version:            10.0
18-May-2019 19:11:31.514 資訊 [main] org.apache.catalina.startup.VersionLoggerListener.log Architecture:          amd64
18-May-2019 19:11:31.514 資訊 [main] org.apache.catalina.startup.VersionLoggerListener.log Java Home:             C:\jdk1.8.0_201\jre
18-May-2019 19:11:31.514 資訊 [main] org.apache.catalina.startup.VersionLoggerListener.log JVM Version:           1.8.0_201-b09
18-May-2019 19:11:31.514 資訊 [main] org.apache.catalina.startup.VersionLoggerListener.log JVM Vendor:            Oracle Corporation
18-May-2019 19:11:31.514 資訊 [main] org.apache.catalina.startup.VersionLoggerListener.log CATALINA_BASE:         C:\DA101_WebApp\apache-tomcat-9.0.17
18-May-2019 19:11:31.514 資訊 [main] org.apache.catalina.startup.VersionLoggerListener.log CATALINA_HOME:         C:\DA101_WebApp\apache-tomcat-9.0.17
18-May-2019 19:11:31.515 資訊 [main] org.apache.catalina.startup.VersionLoggerListener.log Command line argument: -Djava.util.logging.config.file=C:\DA101_WebApp\apache-tomcat-9.0.17\conf\logging.properties
18-May-2019 19:11:31.515 資訊 [main] org.apache.catalina.startup.VersionLoggerListener.log Command line argument: -Djava.util.logging.manager=org.apache.juli.ClassLoaderLogManager
18-May-2019 19:11:31.515 資訊 [main] org.apache.catalina.startup.VersionLoggerListener.log Command line argument: -Djdk.tls.ephemeralDHKeySize=2048
18-May-2019 19:11:31.515 資訊 [main] org.apache.catalina.startup.VersionLoggerListener.log Command line argument: -Djava.protocol.handler.pkgs=org.apache.catalina.webresources
18-May-2019 19:11:31.516 資訊 [main] org.apache.catalina.startup.VersionLoggerListener.log Command line argument: -Dignore.endorsed.dirs=
18-May-2019 19:11:31.516 資訊 [main] org.apache.catalina.startup.VersionLoggerListener.log Command line argument: -Dcatalina.base=C:\DA101_WebApp\apache-tomcat-9.0.17
18-May-2019 19:11:31.517 資訊 [main] org.apache.catalina.startup.VersionLoggerListener.log Command line argument: -Dcatalina.home=C:\DA101_WebApp\apache-tomcat-9.0.17
18-May-2019 19:11:31.517 資訊 [main] org.apache.catalina.startup.VersionLoggerListener.log Command line argument: -Djava.io.tmpdir=C:\DA101_WebApp\apache-tomcat-9.0.17\temp
18-May-2019 19:11:31.518 資訊 [main] org.apache.catalina.core.AprLifecycleListener.lifecycleEvent The APR based Apache Tomcat Native library which allows optimal performance in production environments was not found on the java.library.path: [C:\jdk1.8.0_201\bin;C:\Windows\Sun\Java\bin;C:\Windows\system32;C:\Windows;C:\oraclexe\app\oracle\product\11.2.0\server\bin;;C:\jdk1.8.0_201\bin;C:\Program Files (x86)\Common Files\Oracle\Java\javapath;C:\Windows\system32;C:\Windows;C:\Windows\System32\Wbem;C:\Windows\System32\WindowsPowerShell\v1.0\;C:\Windows\System32\OpenSSH\;C:\Program Files\Crucial\Crucial Storage Executive;C:\PROGRA~2\IDMCOM~1\ULTRAE~1;.]
18-May-2019 19:11:31.649 資訊 [main] org.apache.coyote.AbstractProtocol.init Initializing ProtocolHandler ["http-nio-8081"]
18-May-2019 19:11:31.742 資訊 [main] org.apache.coyote.AbstractProtocol.init Initializing ProtocolHandler ["ajp-nio-8009"]
18-May-2019 19:11:31.745 資訊 [main] org.apache.catalina.startup.Catalina.load Server initialization in [522] milliseconds
18-May-2019 19:11:31.769 資訊 [main] org.apache.catalina.core.StandardService.startInternal Starting service [Catalina]
18-May-2019 19:11:31.769 資訊 [main] org.apache.catalina.core.StandardEngine.startInternal Starting Servlet engine: [Apache Tomcat/9.0.17]
18-May-2019 19:11:31.781 資訊 [main] org.apache.catalina.startup.HostConfig.deployDirectory Deploying web application directory [C:\DA101_WebApp\apache-tomcat-9.0.17\webapps\AjaxLab_Java_DA101]
18-May-2019 19:11:32.361 資訊 [main] org.apache.jasper.servlet.TldScanner.scanJars At least one JAR was scanned for TLDs yet contained no TLDs. Enable debug logging for this logger for a complete list of JARs that were scanned but no TLDs were found in them. Skipping unneeded JARs during scanning can improve startup time and JSP compilation time.
18-May-2019 19:11:32.390 資訊 [main] org.apache.catalina.startup.HostConfig.deployDirectory Deployment of web application directory [C:\DA101_WebApp\apache-tomcat-9.0.17\webapps\AjaxLab_Java_DA101] has finished in [609] ms
18-May-2019 19:11:32.390 資訊 [main] org.apache.catalina.startup.HostConfig.deployDirectory Deploying web application directory [C:\DA101_WebApp\apache-tomcat-9.0.17\webapps\AjaxLab_Java_DA101_C]
18-May-2019 19:11:32.676 資訊 [main] org.apache.jasper.servlet.TldScanner.scanJars At least one JAR was scanned for TLDs yet contained no TLDs. Enable debug logging for this logger for a complete list of JARs that were scanned but no TLDs were found in them. Skipping unneeded JARs during scanning can improve startup time and JSP compilation time.
18-May-2019 19:11:32.678 資訊 [main] org.apache.catalina.startup.HostConfig.deployDirectory Deployment of web application directory [C:\DA101_WebApp\apache-tomcat-9.0.17\webapps\AjaxLab_Java_DA101_C] has finished in [288] ms
18-May-2019 19:11:32.678 資訊 [main] org.apache.catalina.startup.HostConfig.deployDirectory Deploying web application directory [C:\DA101_WebApp\apache-tomcat-9.0.17\webapps\DataSource_JNDI]
18-May-2019 19:11:32.899 資訊 [main] org.apache.jasper.servlet.TldScanner.scanJars At least one JAR was scanned for TLDs yet contained no TLDs. Enable debug logging for this logger for a complete list of JARs that were scanned but no TLDs were found in them. Skipping unneeded JARs during scanning can improve startup time and JSP compilation time.
18-May-2019 19:11:32.902 資訊 [main] org.apache.catalina.startup.HostConfig.deployDirectory Deployment of web application directory [C:\DA101_WebApp\apache-tomcat-9.0.17\webapps\DataSource_JNDI] has finished in [224] ms
18-May-2019 19:11:32.902 資訊 [main] org.apache.catalina.startup.HostConfig.deployDirectory Deploying web application directory [C:\DA101_WebApp\apache-tomcat-9.0.17\webapps\docs]
18-May-2019 19:11:33.143 資訊 [main] org.apache.jasper.servlet.TldScanner.scanJars At least one JAR was scanned for TLDs yet contained no TLDs. Enable debug logging for this logger for a complete list of JARs that were scanned but no TLDs were found in them. Skipping unneeded JARs during scanning can improve startup time and JSP compilation time.
18-May-2019 19:11:33.145 資訊 [main] org.apache.catalina.startup.HostConfig.deployDirectory Deployment of web application directory [C:\DA101_WebApp\apache-tomcat-9.0.17\webapps\docs] has finished in [243] ms
18-May-2019 19:11:33.146 資訊 [main] org.apache.catalina.startup.HostConfig.deployDirectory Deploying web application directory [C:\DA101_WebApp\apache-tomcat-9.0.17\webapps\examples]
18-May-2019 19:11:34.263 資訊 [main] org.apache.jasper.servlet.TldScanner.scanJars At least one JAR was scanned for TLDs yet contained no TLDs. Enable debug logging for this logger for a complete list of JARs that were scanned but no TLDs were found in them. Skipping unneeded JARs during scanning can improve startup time and JSP compilation time.
18-May-2019 19:11:34.298 資訊 [main] org.apache.catalina.startup.HostConfig.deployDirectory Deployment of web application directory [C:\DA101_WebApp\apache-tomcat-9.0.17\webapps\examples] has finished in [1,152] ms
18-May-2019 19:11:34.299 資訊 [main] org.apache.catalina.startup.HostConfig.deployDirectory Deploying web application directory [C:\DA101_WebApp\apache-tomcat-9.0.17\webapps\host-manager]
18-May-2019 19:11:34.558 資訊 [main] org.apache.jasper.servlet.TldScanner.scanJars At least one JAR was scanned for TLDs yet contained no TLDs. Enable debug logging for this logger for a complete list of JARs that were scanned but no TLDs were found in them. Skipping unneeded JARs during scanning can improve startup time and JSP compilation time.
18-May-2019 19:11:34.565 資訊 [main] org.apache.catalina.startup.HostConfig.deployDirectory Deployment of web application directory [C:\DA101_WebApp\apache-tomcat-9.0.17\webapps\host-manager] has finished in [266] ms
18-May-2019 19:11:34.565 資訊 [main] org.apache.catalina.startup.HostConfig.deployDirectory Deploying web application directory [C:\DA101_WebApp\apache-tomcat-9.0.17\webapps\IBM_9]
18-May-2019 19:11:34.812 資訊 [main] org.apache.jasper.servlet.TldScanner.scanJars At least one JAR was scanned for TLDs yet contained no TLDs. Enable debug logging for this logger for a complete list of JARs that were scanned but no TLDs were found in them. Skipping unneeded JARs during scanning can improve startup time and JSP compilation time.
18-May-2019 19:11:34.815 資訊 [main] org.apache.catalina.startup.HostConfig.deployDirectory Deployment of web application directory [C:\DA101_WebApp\apache-tomcat-9.0.17\webapps\IBM_9] has finished in [250] ms
18-May-2019 19:11:34.816 資訊 [main] org.apache.catalina.startup.HostConfig.deployDirectory Deploying web application directory [C:\DA101_WebApp\apache-tomcat-9.0.17\webapps\manager]
18-May-2019 19:11:35.048 資訊 [main] org.apache.jasper.servlet.TldScanner.scanJars At least one JAR was scanned for TLDs yet contained no TLDs. Enable debug logging for this logger for a complete list of JARs that were scanned but no TLDs were found in them. Skipping unneeded JARs during scanning can improve startup time and JSP compilation time.
18-May-2019 19:11:35.050 資訊 [main] org.apache.catalina.startup.HostConfig.deployDirectory Deployment of web application directory [C:\DA101_WebApp\apache-tomcat-9.0.17\webapps\manager] has finished in [234] ms
18-May-2019 19:11:35.050 資訊 [main] org.apache.catalina.startup.HostConfig.deployDirectory Deploying web application directory [C:\DA101_WebApp\apache-tomcat-9.0.17\webapps\ROOT]
18-May-2019 19:11:35.261 資訊 [main] org.apache.jasper.servlet.TldScanner.scanJars At least one JAR was scanned for TLDs yet contained no TLDs. Enable debug logging for this logger for a complete list of JARs that were scanned but no TLDs were found in them. Skipping unneeded JARs during scanning can improve startup time and JSP compilation time.
18-May-2019 19:11:35.263 資訊 [main] org.apache.catalina.startup.HostConfig.deployDirectory Deployment of web application directory [C:\DA101_WebApp\apache-tomcat-9.0.17\webapps\ROOT] has finished in [213] ms
18-May-2019 19:11:35.266 資訊 [main] org.apache.coyote.AbstractProtocol.start Starting ProtocolHandler ["http-nio-8081"]
18-May-2019 19:11:35.273 資訊 [main] org.apache.coyote.AbstractProtocol.start Starting ProtocolHandler ["ajp-nio-8009"]
18-May-2019 19:11:35.276 資訊 [main] org.apache.catalina.startup.Catalina.start Server startup in [3,530] milliseconds
18-May-2019 19:12:55.346 資訊 [Catalina-utility-2] org.apache.catalina.core.StandardContext.reload Reloading Context with name [/DataSource_JNDI] has started
18-May-2019 19:12:55.540 資訊 [Catalina-utility-2] org.apache.jasper.servlet.TldScanner.scanJars At least one JAR was scanned for TLDs yet contained no TLDs. Enable debug logging for this logger for a complete list of JARs that were scanned but no TLDs were found in them. Skipping unneeded JARs during scanning can improve startup time and JSP compilation time.
18-May-2019 19:12:55.542 資訊 [Catalina-utility-2] org.apache.catalina.core.StandardContext.reload Reloading Context with name [/DataSource_JNDI] is completed
18-May-2019 19:14:15.612 資訊 [Catalina-utility-1] org.apache.catalina.core.StandardContext.reload Reloading Context with name [/DataSource_JNDI] has started
18-May-2019 19:14:15.800 資訊 [Catalina-utility-1] org.apache.jasper.servlet.TldScanner.scanJars At least one JAR was scanned for TLDs yet contained no TLDs. Enable debug logging for this logger for a complete list of JARs that were scanned but no TLDs were found in them. Skipping unneeded JARs during scanning can improve startup time and JSP compilation time.
18-May-2019 19:14:15.802 資訊 [Catalina-utility-1] org.apache.catalina.core.StandardContext.reload Reloading Context with name [/DataSource_JNDI] is completed
18-May-2019 20:11:25.901 資訊 [main] org.apache.catalina.core.StandardServer.await A valid shutdown command was received via the shutdown port. Stopping the Server instance.
18-May-2019 20:11:25.903 資訊 [main] org.apache.coyote.AbstractProtocol.pause Pausing ProtocolHandler ["http-nio-8081"]
18-May-2019 20:11:25.982 資訊 [main] org.apache.coyote.AbstractProtocol.pause Pausing ProtocolHandler ["ajp-nio-8009"]
18-May-2019 20:11:26.050 資訊 [main] org.apache.catalina.core.StandardService.stopInternal Stopping service [Catalina]
18-May-2019 20:11:26.080 資訊 [main] org.apache.coyote.AbstractProtocol.stop Stopping ProtocolHandler ["http-nio-8081"]
18-May-2019 20:11:26.082 資訊 [main] org.apache.coyote.AbstractProtocol.stop Stopping ProtocolHandler ["ajp-nio-8009"]
18-May-2019 20:11:26.085 資訊 [main] org.apache.coyote.AbstractProtocol.destroy Destroying ProtocolHandler ["http-nio-8081"]
18-May-2019 20:11:26.086 資訊 [main] org.apache.coyote.AbstractProtocol.destroy Destroying ProtocolHandler ["ajp-nio-8009"]
