17-Jun-2019 20:57:35.909 資訊 [main] org.apache.catalina.startup.VersionLoggerListener.log Server version name:   Apache Tomcat/9.0.17
17-Jun-2019 20:57:35.967 資訊 [main] org.apache.catalina.startup.VersionLoggerListener.log Server built:          Mar 13 2019 15:55:27 UTC
17-Jun-2019 20:57:35.967 資訊 [main] org.apache.catalina.startup.VersionLoggerListener.log Server version number: 9.0.17.0
17-Jun-2019 20:57:35.968 資訊 [main] org.apache.catalina.startup.VersionLoggerListener.log OS Name:               Windows 10
17-Jun-2019 20:57:35.968 資訊 [main] org.apache.catalina.startup.VersionLoggerListener.log OS Version:            10.0
17-Jun-2019 20:57:35.968 資訊 [main] org.apache.catalina.startup.VersionLoggerListener.log Architecture:          amd64
17-Jun-2019 20:57:35.968 資訊 [main] org.apache.catalina.startup.VersionLoggerListener.log Java Home:             C:\jdk1.8.0_201\jre
17-Jun-2019 20:57:35.968 資訊 [main] org.apache.catalina.startup.VersionLoggerListener.log JVM Version:           1.8.0_201-b09
17-Jun-2019 20:57:35.969 資訊 [main] org.apache.catalina.startup.VersionLoggerListener.log JVM Vendor:            Oracle Corporation
17-Jun-2019 20:57:35.969 資訊 [main] org.apache.catalina.startup.VersionLoggerListener.log CATALINA_BASE:         C:\DA101_WebApp\apache-tomcat-9.0.17
17-Jun-2019 20:57:35.969 資訊 [main] org.apache.catalina.startup.VersionLoggerListener.log CATALINA_HOME:         C:\DA101_WebApp\apache-tomcat-9.0.17
17-Jun-2019 20:57:35.969 資訊 [main] org.apache.catalina.startup.VersionLoggerListener.log Command line argument: -Djava.util.logging.config.file=C:\DA101_WebApp\apache-tomcat-9.0.17\conf\logging.properties
17-Jun-2019 20:57:35.970 資訊 [main] org.apache.catalina.startup.VersionLoggerListener.log Command line argument: -Djava.util.logging.manager=org.apache.juli.ClassLoaderLogManager
17-Jun-2019 20:57:35.970 資訊 [main] org.apache.catalina.startup.VersionLoggerListener.log Command line argument: -Djdk.tls.ephemeralDHKeySize=2048
17-Jun-2019 20:57:35.970 資訊 [main] org.apache.catalina.startup.VersionLoggerListener.log Command line argument: -Djava.protocol.handler.pkgs=org.apache.catalina.webresources
17-Jun-2019 20:57:35.971 資訊 [main] org.apache.catalina.startup.VersionLoggerListener.log Command line argument: -Dignore.endorsed.dirs=
17-Jun-2019 20:57:35.971 資訊 [main] org.apache.catalina.startup.VersionLoggerListener.log Command line argument: -Dcatalina.base=C:\DA101_WebApp\apache-tomcat-9.0.17
17-Jun-2019 20:57:35.972 資訊 [main] org.apache.catalina.startup.VersionLoggerListener.log Command line argument: -Dcatalina.home=C:\DA101_WebApp\apache-tomcat-9.0.17
17-Jun-2019 20:57:35.973 資訊 [main] org.apache.catalina.startup.VersionLoggerListener.log Command line argument: -Djava.io.tmpdir=C:\DA101_WebApp\apache-tomcat-9.0.17\temp
17-Jun-2019 20:57:35.973 資訊 [main] org.apache.catalina.core.AprLifecycleListener.lifecycleEvent The APR based Apache Tomcat Native library which allows optimal performance in production environments was not found on the java.library.path: [C:\jdk1.8.0_201\bin;C:\Windows\Sun\Java\bin;C:\Windows\system32;C:\Windows;C:\oraclexe\app\oracle\product\11.2.0\server\bin;;C:\jdk1.8.0_201\bin;C:\Program Files (x86)\Common Files\Oracle\Java\javapath;C:\Windows\system32;C:\Windows;C:\Windows\System32\Wbem;C:\Windows\System32\WindowsPowerShell\v1.0\;C:\Windows\System32\OpenSSH\;C:\Program Files\Crucial\Crucial Storage Executive;C:\Redis\;C:\Program Files\PuTTY\;C:\PROGRA~2\IDMCOM~1\ULTRAE~1;C:\Users\30678\AppData\Local\GitHubDesktop\bin;.]
17-Jun-2019 20:57:37.690 資訊 [main] org.apache.coyote.AbstractProtocol.init Initializing ProtocolHandler ["http-nio-8081"]
17-Jun-2019 20:57:37.822 資訊 [main] org.apache.coyote.AbstractProtocol.init Initializing ProtocolHandler ["ajp-nio-8009"]
17-Jun-2019 20:57:37.826 資訊 [main] org.apache.catalina.startup.Catalina.load Server initialization in [2,437] milliseconds
17-Jun-2019 20:57:37.863 資訊 [main] org.apache.catalina.core.StandardService.startInternal Starting service [Catalina]
17-Jun-2019 20:57:37.864 資訊 [main] org.apache.catalina.core.StandardEngine.startInternal Starting Servlet engine: [Apache Tomcat/9.0.17]
17-Jun-2019 20:57:37.870 資訊 [main] org.apache.catalina.startup.HostConfig.deployDirectory Deploying web application directory [C:\DA101_WebApp\apache-tomcat-9.0.17\webapps\AjaxLab_Java_DA101]
17-Jun-2019 20:57:38.606 資訊 [main] org.apache.jasper.servlet.TldScanner.scanJars At least one JAR was scanned for TLDs yet contained no TLDs. Enable debug logging for this logger for a complete list of JARs that were scanned but no TLDs were found in them. Skipping unneeded JARs during scanning can improve startup time and JSP compilation time.
17-Jun-2019 20:57:38.643 資訊 [main] org.apache.catalina.startup.HostConfig.deployDirectory Deployment of web application directory [C:\DA101_WebApp\apache-tomcat-9.0.17\webapps\AjaxLab_Java_DA101] has finished in [773] ms
17-Jun-2019 20:57:38.644 資訊 [main] org.apache.catalina.startup.HostConfig.deployDirectory Deploying web application directory [C:\DA101_WebApp\apache-tomcat-9.0.17\webapps\AjaxLab_Java_DA101_C]
17-Jun-2019 20:57:38.956 資訊 [main] org.apache.jasper.servlet.TldScanner.scanJars At least one JAR was scanned for TLDs yet contained no TLDs. Enable debug logging for this logger for a complete list of JARs that were scanned but no TLDs were found in them. Skipping unneeded JARs during scanning can improve startup time and JSP compilation time.
17-Jun-2019 20:57:38.958 資訊 [main] org.apache.catalina.startup.HostConfig.deployDirectory Deployment of web application directory [C:\DA101_WebApp\apache-tomcat-9.0.17\webapps\AjaxLab_Java_DA101_C] has finished in [314] ms
17-Jun-2019 20:57:38.959 資訊 [main] org.apache.catalina.startup.HostConfig.deployDirectory Deploying web application directory [C:\DA101_WebApp\apache-tomcat-9.0.17\webapps\DataSource_JNDI]
17-Jun-2019 20:57:39.169 資訊 [main] org.apache.jasper.servlet.TldScanner.scanJars At least one JAR was scanned for TLDs yet contained no TLDs. Enable debug logging for this logger for a complete list of JARs that were scanned but no TLDs were found in them. Skipping unneeded JARs during scanning can improve startup time and JSP compilation time.
17-Jun-2019 20:57:39.172 資訊 [main] org.apache.catalina.startup.HostConfig.deployDirectory Deployment of web application directory [C:\DA101_WebApp\apache-tomcat-9.0.17\webapps\DataSource_JNDI] has finished in [213] ms
17-Jun-2019 20:57:39.173 資訊 [main] org.apache.catalina.startup.HostConfig.deployDirectory Deploying web application directory [C:\DA101_WebApp\apache-tomcat-9.0.17\webapps\docs]
17-Jun-2019 20:57:39.417 資訊 [main] org.apache.jasper.servlet.TldScanner.scanJars At least one JAR was scanned for TLDs yet contained no TLDs. Enable debug logging for this logger for a complete list of JARs that were scanned but no TLDs were found in them. Skipping unneeded JARs during scanning can improve startup time and JSP compilation time.
17-Jun-2019 20:57:39.419 資訊 [main] org.apache.catalina.startup.HostConfig.deployDirectory Deployment of web application directory [C:\DA101_WebApp\apache-tomcat-9.0.17\webapps\docs] has finished in [246] ms
17-Jun-2019 20:57:39.420 資訊 [main] org.apache.catalina.startup.HostConfig.deployDirectory Deploying web application directory [C:\DA101_WebApp\apache-tomcat-9.0.17\webapps\examples]
17-Jun-2019 20:57:40.611 資訊 [main] org.apache.jasper.servlet.TldScanner.scanJars At least one JAR was scanned for TLDs yet contained no TLDs. Enable debug logging for this logger for a complete list of JARs that were scanned but no TLDs were found in them. Skipping unneeded JARs during scanning can improve startup time and JSP compilation time.
17-Jun-2019 20:57:40.645 資訊 [main] org.apache.catalina.startup.HostConfig.deployDirectory Deployment of web application directory [C:\DA101_WebApp\apache-tomcat-9.0.17\webapps\examples] has finished in [1,224] ms
17-Jun-2019 20:57:40.645 資訊 [main] org.apache.catalina.startup.HostConfig.deployDirectory Deploying web application directory [C:\DA101_WebApp\apache-tomcat-9.0.17\webapps\ForwardRedirect]
17-Jun-2019 20:57:40.918 資訊 [main] org.apache.jasper.servlet.TldScanner.scanJars At least one JAR was scanned for TLDs yet contained no TLDs. Enable debug logging for this logger for a complete list of JARs that were scanned but no TLDs were found in them. Skipping unneeded JARs during scanning can improve startup time and JSP compilation time.
17-Jun-2019 20:57:40.920 資訊 [main] org.apache.catalina.startup.HostConfig.deployDirectory Deployment of web application directory [C:\DA101_WebApp\apache-tomcat-9.0.17\webapps\ForwardRedirect] has finished in [275] ms
17-Jun-2019 20:57:40.921 資訊 [main] org.apache.catalina.startup.HostConfig.deployDirectory Deploying web application directory [C:\DA101_WebApp\apache-tomcat-9.0.17\webapps\ForwardRedirect2]
17-Jun-2019 20:57:41.144 資訊 [main] org.apache.jasper.servlet.TldScanner.scanJars At least one JAR was scanned for TLDs yet contained no TLDs. Enable debug logging for this logger for a complete list of JARs that were scanned but no TLDs were found in them. Skipping unneeded JARs during scanning can improve startup time and JSP compilation time.
17-Jun-2019 20:57:41.147 資訊 [main] org.apache.catalina.startup.HostConfig.deployDirectory Deployment of web application directory [C:\DA101_WebApp\apache-tomcat-9.0.17\webapps\ForwardRedirect2] has finished in [226] ms
17-Jun-2019 20:57:41.148 資訊 [main] org.apache.catalina.startup.HostConfig.deployDirectory Deploying web application directory [C:\DA101_WebApp\apache-tomcat-9.0.17\webapps\host-manager]
17-Jun-2019 20:57:41.362 資訊 [main] org.apache.jasper.servlet.TldScanner.scanJars At least one JAR was scanned for TLDs yet contained no TLDs. Enable debug logging for this logger for a complete list of JARs that were scanned but no TLDs were found in them. Skipping unneeded JARs during scanning can improve startup time and JSP compilation time.
17-Jun-2019 20:57:41.366 資訊 [main] org.apache.catalina.startup.HostConfig.deployDirectory Deployment of web application directory [C:\DA101_WebApp\apache-tomcat-9.0.17\webapps\host-manager] has finished in [218] ms
17-Jun-2019 20:57:41.367 資訊 [main] org.apache.catalina.startup.HostConfig.deployDirectory Deploying web application directory [C:\DA101_WebApp\apache-tomcat-9.0.17\webapps\IBM_9]
17-Jun-2019 20:57:41.619 資訊 [main] org.apache.jasper.servlet.TldScanner.scanJars At least one JAR was scanned for TLDs yet contained no TLDs. Enable debug logging for this logger for a complete list of JARs that were scanned but no TLDs were found in them. Skipping unneeded JARs during scanning can improve startup time and JSP compilation time.
17-Jun-2019 20:57:41.621 資訊 [main] org.apache.catalina.startup.HostConfig.deployDirectory Deployment of web application directory [C:\DA101_WebApp\apache-tomcat-9.0.17\webapps\IBM_9] has finished in [254] ms
17-Jun-2019 20:57:41.622 資訊 [main] org.apache.catalina.startup.HostConfig.deployDirectory Deploying web application directory [C:\DA101_WebApp\apache-tomcat-9.0.17\webapps\IBM_HelloBean]
17-Jun-2019 20:57:41.842 資訊 [main] org.apache.jasper.servlet.TldScanner.scanJars At least one JAR was scanned for TLDs yet contained no TLDs. Enable debug logging for this logger for a complete list of JARs that were scanned but no TLDs were found in them. Skipping unneeded JARs during scanning can improve startup time and JSP compilation time.
17-Jun-2019 20:57:41.845 資訊 [main] org.apache.catalina.startup.HostConfig.deployDirectory Deployment of web application directory [C:\DA101_WebApp\apache-tomcat-9.0.17\webapps\IBM_HelloBean] has finished in [222] ms
17-Jun-2019 20:57:41.845 資訊 [main] org.apache.catalina.startup.HostConfig.deployDirectory Deploying web application directory [C:\DA101_WebApp\apache-tomcat-9.0.17\webapps\IBM_Tag1]
17-Jun-2019 20:57:42.058 資訊 [main] org.apache.jasper.servlet.TldScanner.scanJars At least one JAR was scanned for TLDs yet contained no TLDs. Enable debug logging for this logger for a complete list of JARs that were scanned but no TLDs were found in them. Skipping unneeded JARs during scanning can improve startup time and JSP compilation time.
17-Jun-2019 20:57:42.061 資訊 [main] org.apache.catalina.startup.HostConfig.deployDirectory Deployment of web application directory [C:\DA101_WebApp\apache-tomcat-9.0.17\webapps\IBM_Tag1] has finished in [216] ms
17-Jun-2019 20:57:42.061 資訊 [main] org.apache.catalina.startup.HostConfig.deployDirectory Deploying web application directory [C:\DA101_WebApp\apache-tomcat-9.0.17\webapps\manager]
17-Jun-2019 20:57:42.251 資訊 [main] org.apache.jasper.servlet.TldScanner.scanJars At least one JAR was scanned for TLDs yet contained no TLDs. Enable debug logging for this logger for a complete list of JARs that were scanned but no TLDs were found in them. Skipping unneeded JARs during scanning can improve startup time and JSP compilation time.
17-Jun-2019 20:57:42.253 資訊 [main] org.apache.catalina.startup.HostConfig.deployDirectory Deployment of web application directory [C:\DA101_WebApp\apache-tomcat-9.0.17\webapps\manager] has finished in [192] ms
17-Jun-2019 20:57:42.254 資訊 [main] org.apache.catalina.startup.HostConfig.deployDirectory Deploying web application directory [C:\DA101_WebApp\apache-tomcat-9.0.17\webapps\ROOT]
17-Jun-2019 20:57:42.454 資訊 [main] org.apache.jasper.servlet.TldScanner.scanJars At least one JAR was scanned for TLDs yet contained no TLDs. Enable debug logging for this logger for a complete list of JARs that were scanned but no TLDs were found in them. Skipping unneeded JARs during scanning can improve startup time and JSP compilation time.
17-Jun-2019 20:57:42.457 資訊 [main] org.apache.catalina.startup.HostConfig.deployDirectory Deployment of web application directory [C:\DA101_WebApp\apache-tomcat-9.0.17\webapps\ROOT] has finished in [203] ms
17-Jun-2019 20:57:42.457 資訊 [main] org.apache.catalina.startup.HostConfig.deployDirectory Deploying web application directory [C:\DA101_WebApp\apache-tomcat-9.0.17\webapps\SL314_EL]
17-Jun-2019 20:57:42.711 資訊 [main] org.apache.jasper.servlet.TldScanner.scanJars At least one JAR was scanned for TLDs yet contained no TLDs. Enable debug logging for this logger for a complete list of JARs that were scanned but no TLDs were found in them. Skipping unneeded JARs during scanning can improve startup time and JSP compilation time.
17-Jun-2019 20:57:42.713 資訊 [main] org.apache.catalina.startup.HostConfig.deployDirectory Deployment of web application directory [C:\DA101_WebApp\apache-tomcat-9.0.17\webapps\SL314_EL] has finished in [256] ms
17-Jun-2019 20:57:42.713 資訊 [main] org.apache.catalina.startup.HostConfig.deployDirectory Deploying web application directory [C:\DA101_WebApp\apache-tomcat-9.0.17\webapps\SL314_JSTL]
17-Jun-2019 20:57:43.044 資訊 [main] org.apache.jasper.servlet.TldScanner.scanJars At least one JAR was scanned for TLDs yet contained no TLDs. Enable debug logging for this logger for a complete list of JARs that were scanned but no TLDs were found in them. Skipping unneeded JARs during scanning can improve startup time and JSP compilation time.
17-Jun-2019 20:57:43.054 資訊 [main] org.apache.catalina.startup.HostConfig.deployDirectory Deployment of web application directory [C:\DA101_WebApp\apache-tomcat-9.0.17\webapps\SL314_JSTL] has finished in [341] ms
17-Jun-2019 20:57:43.055 資訊 [main] org.apache.catalina.startup.HostConfig.deployDirectory Deploying web application directory [C:\DA101_WebApp\apache-tomcat-9.0.17\webapps\SL314_JSTL_SQL]
17-Jun-2019 20:57:43.392 資訊 [main] org.apache.jasper.servlet.TldScanner.scanJars At least one JAR was scanned for TLDs yet contained no TLDs. Enable debug logging for this logger for a complete list of JARs that were scanned but no TLDs were found in them. Skipping unneeded JARs during scanning can improve startup time and JSP compilation time.
17-Jun-2019 20:57:43.400 資訊 [main] org.apache.catalina.startup.HostConfig.deployDirectory Deployment of web application directory [C:\DA101_WebApp\apache-tomcat-9.0.17\webapps\SL314_JSTL_SQL] has finished in [346] ms
17-Jun-2019 20:57:43.404 資訊 [main] org.apache.coyote.AbstractProtocol.start Starting ProtocolHandler ["http-nio-8081"]
17-Jun-2019 20:57:43.412 資訊 [main] org.apache.coyote.AbstractProtocol.start Starting ProtocolHandler ["ajp-nio-8009"]
17-Jun-2019 20:57:43.415 資訊 [main] org.apache.catalina.startup.Catalina.start Server startup in [5,589] milliseconds
