13-May-2019 16:59:52.067 資訊 [main] org.apache.catalina.core.ApplicationContext.log ContextListener: contextInitialized()
13-May-2019 16:59:52.067 資訊 [main] org.apache.catalina.core.ApplicationContext.log SessionListener: contextInitialized()
13-May-2019 16:59:52.068 資訊 [main] org.apache.catalina.core.ApplicationContext.log ContextListener: attributeAdded('StockTicker', 'async.Stockticker@60acd609')
13-May-2019 17:09:12.672 資訊 [main] org.apache.catalina.core.ApplicationContext.log SessionListener: contextDestroyed()
13-May-2019 17:09:12.672 資訊 [main] org.apache.catalina.core.ApplicationContext.log ContextListener: contextDestroyed()
13-May-2019 17:09:50.241 資訊 [main] org.apache.catalina.core.ApplicationContext.log ContextListener: contextInitialized()
13-May-2019 17:09:50.241 資訊 [main] org.apache.catalina.core.ApplicationContext.log SessionListener: contextInitialized()
13-May-2019 17:09:50.243 資訊 [main] org.apache.catalina.core.ApplicationContext.log ContextListener: attributeAdded('StockTicker', 'async.Stockticker@60acd609')
13-May-2019 18:03:53.985 資訊 [main] org.apache.catalina.core.ApplicationContext.log ContextListener: contextInitialized()
13-May-2019 18:03:53.985 資訊 [main] org.apache.catalina.core.ApplicationContext.log SessionListener: contextInitialized()
13-May-2019 18:03:53.986 資訊 [main] org.apache.catalina.core.ApplicationContext.log ContextListener: attributeAdded('StockTicker', 'async.Stockticker@60acd609')
13-May-2019 18:04:21.067 資訊 [http-nio-8081-exec-10] org.apache.catalina.core.ApplicationContext.log HelloWorld: The default buffer size is 8192
13-May-2019 18:04:24.481 資訊 [http-nio-8081-exec-2] org.apache.catalina.core.ApplicationContext.log HelloWorld: The default buffer size is 8192
13-May-2019 18:04:24.673 資訊 [http-nio-8081-exec-1] org.apache.catalina.core.ApplicationContext.log HelloWorld: The default buffer size is 8192
13-May-2019 18:04:24.833 資訊 [http-nio-8081-exec-4] org.apache.catalina.core.ApplicationContext.log HelloWorld: The default buffer size is 8192
13-May-2019 18:04:24.976 資訊 [http-nio-8081-exec-3] org.apache.catalina.core.ApplicationContext.log HelloWorld: The default buffer size is 8192
13-May-2019 18:04:25.129 資訊 [http-nio-8081-exec-5] org.apache.catalina.core.ApplicationContext.log HelloWorld: The default buffer size is 8192
13-May-2019 18:04:25.288 資訊 [http-nio-8081-exec-6] org.apache.catalina.core.ApplicationContext.log HelloWorld: The default buffer size is 8192
13-May-2019 18:04:25.449 資訊 [http-nio-8081-exec-8] org.apache.catalina.core.ApplicationContext.log HelloWorld: The default buffer size is 8192
13-May-2019 18:04:25.600 資訊 [http-nio-8081-exec-7] org.apache.catalina.core.ApplicationContext.log HelloWorld: The default buffer size is 8192
13-May-2019 18:04:25.761 資訊 [http-nio-8081-exec-9] org.apache.catalina.core.ApplicationContext.log HelloWorld: The default buffer size is 8192
13-May-2019 18:04:25.919 資訊 [http-nio-8081-exec-10] org.apache.catalina.core.ApplicationContext.log HelloWorld: The default buffer size is 8192
13-May-2019 18:04:26.072 資訊 [http-nio-8081-exec-2] org.apache.catalina.core.ApplicationContext.log HelloWorld: The default buffer size is 8192
13-May-2019 18:04:26.240 資訊 [http-nio-8081-exec-1] org.apache.catalina.core.ApplicationContext.log HelloWorld: The default buffer size is 8192
13-May-2019 18:04:26.392 資訊 [http-nio-8081-exec-4] org.apache.catalina.core.ApplicationContext.log HelloWorld: The default buffer size is 8192
13-May-2019 18:04:26.529 資訊 [http-nio-8081-exec-3] org.apache.catalina.core.ApplicationContext.log HelloWorld: The default buffer size is 8192
13-May-2019 18:04:26.696 資訊 [http-nio-8081-exec-5] org.apache.catalina.core.ApplicationContext.log HelloWorld: The default buffer size is 8192
13-May-2019 18:04:26.848 資訊 [http-nio-8081-exec-6] org.apache.catalina.core.ApplicationContext.log HelloWorld: The default buffer size is 8192
13-May-2019 18:04:26.992 資訊 [http-nio-8081-exec-8] org.apache.catalina.core.ApplicationContext.log HelloWorld: The default buffer size is 8192
13-May-2019 18:04:27.161 資訊 [http-nio-8081-exec-7] org.apache.catalina.core.ApplicationContext.log HelloWorld: The default buffer size is 8192
13-May-2019 18:04:27.329 資訊 [http-nio-8081-exec-9] org.apache.catalina.core.ApplicationContext.log HelloWorld: The default buffer size is 8192
13-May-2019 18:04:27.480 資訊 [http-nio-8081-exec-10] org.apache.catalina.core.ApplicationContext.log HelloWorld: The default buffer size is 8192
13-May-2019 18:04:27.657 資訊 [http-nio-8081-exec-2] org.apache.catalina.core.ApplicationContext.log HelloWorld: The default buffer size is 8192
13-May-2019 18:04:27.801 資訊 [http-nio-8081-exec-1] org.apache.catalina.core.ApplicationContext.log HelloWorld: The default buffer size is 8192
13-May-2019 18:04:27.968 資訊 [http-nio-8081-exec-4] org.apache.catalina.core.ApplicationContext.log HelloWorld: The default buffer size is 8192
13-May-2019 18:04:28.120 資訊 [http-nio-8081-exec-3] org.apache.catalina.core.ApplicationContext.log HelloWorld: The default buffer size is 8192
13-May-2019 18:04:28.312 資訊 [http-nio-8081-exec-5] org.apache.catalina.core.ApplicationContext.log HelloWorld: The default buffer size is 8192
13-May-2019 18:04:28.496 資訊 [http-nio-8081-exec-6] org.apache.catalina.core.ApplicationContext.log HelloWorld: The default buffer size is 8192
13-May-2019 18:04:28.680 資訊 [http-nio-8081-exec-8] org.apache.catalina.core.ApplicationContext.log HelloWorld: The default buffer size is 8192
13-May-2019 18:04:28.840 資訊 [http-nio-8081-exec-7] org.apache.catalina.core.ApplicationContext.log HelloWorld: The default buffer size is 8192
13-May-2019 18:04:29.008 資訊 [http-nio-8081-exec-9] org.apache.catalina.core.ApplicationContext.log HelloWorld: The default buffer size is 8192
13-May-2019 18:04:29.160 資訊 [http-nio-8081-exec-10] org.apache.catalina.core.ApplicationContext.log HelloWorld: The default buffer size is 8192
