18-Apr-2019 13:57:57.478 資訊 [main] org.apache.catalina.core.ApplicationContext.log ContextListener: contextInitialized()
18-Apr-2019 13:57:57.478 資訊 [main] org.apache.catalina.core.ApplicationContext.log SessionListener: contextInitialized()
18-Apr-2019 13:57:57.479 資訊 [main] org.apache.catalina.core.ApplicationContext.log ContextListener: attributeAdded('StockTicker', 'async.Stockticker@31da3d60')
18-Apr-2019 16:30:52.468 資訊 [main] org.apache.catalina.core.ApplicationContext.log ContextListener: contextInitialized()
18-Apr-2019 16:30:52.468 資訊 [main] org.apache.catalina.core.ApplicationContext.log SessionListener: contextInitialized()
18-Apr-2019 16:30:52.470 資訊 [main] org.apache.catalina.core.ApplicationContext.log ContextListener: attributeAdded('StockTicker', 'async.Stockticker@468be356')
18-Apr-2019 16:30:53.671 資訊 [main] org.apache.catalina.core.ApplicationContext.log SessionListener: contextDestroyed()
18-Apr-2019 16:30:53.671 資訊 [main] org.apache.catalina.core.ApplicationContext.log ContextListener: contextDestroyed()
18-Apr-2019 16:31:59.426 資訊 [main] org.apache.catalina.core.ApplicationContext.log ContextListener: contextInitialized()
18-Apr-2019 16:31:59.426 資訊 [main] org.apache.catalina.core.ApplicationContext.log SessionListener: contextInitialized()
18-Apr-2019 16:31:59.426 資訊 [main] org.apache.catalina.core.ApplicationContext.log ContextListener: attributeAdded('StockTicker', 'async.Stockticker@468be356')
18-Apr-2019 16:32:00.577 資訊 [main] org.apache.catalina.core.ApplicationContext.log SessionListener: contextDestroyed()
18-Apr-2019 16:32:00.577 資訊 [main] org.apache.catalina.core.ApplicationContext.log ContextListener: contextDestroyed()
18-Apr-2019 17:22:28.807 資訊 [main] org.apache.catalina.core.ApplicationContext.log ContextListener: contextInitialized()
18-Apr-2019 17:22:28.807 資訊 [main] org.apache.catalina.core.ApplicationContext.log SessionListener: contextInitialized()
18-Apr-2019 17:22:28.808 資訊 [main] org.apache.catalina.core.ApplicationContext.log ContextListener: attributeAdded('StockTicker', 'async.Stockticker@a137d7a')
18-Apr-2019 17:22:29.924 資訊 [main] org.apache.catalina.core.ApplicationContext.log SessionListener: contextDestroyed()
18-Apr-2019 17:22:29.924 資訊 [main] org.apache.catalina.core.ApplicationContext.log ContextListener: contextDestroyed()
18-Apr-2019 17:26:07.915 資訊 [main] org.apache.catalina.core.ApplicationContext.log ContextListener: contextInitialized()
18-Apr-2019 17:26:07.915 資訊 [main] org.apache.catalina.core.ApplicationContext.log SessionListener: contextInitialized()
18-Apr-2019 17:26:07.917 資訊 [main] org.apache.catalina.core.ApplicationContext.log ContextListener: attributeAdded('StockTicker', 'async.Stockticker@60acd609')
18-Apr-2019 17:26:12.425 資訊 [main] org.apache.catalina.core.ApplicationContext.log SessionListener: contextDestroyed()
18-Apr-2019 17:26:12.425 資訊 [main] org.apache.catalina.core.ApplicationContext.log ContextListener: contextDestroyed()
18-Apr-2019 17:26:24.283 資訊 [main] org.apache.catalina.core.ApplicationContext.log ContextListener: contextInitialized()
18-Apr-2019 17:26:24.283 資訊 [main] org.apache.catalina.core.ApplicationContext.log SessionListener: contextInitialized()
18-Apr-2019 17:26:24.284 資訊 [main] org.apache.catalina.core.ApplicationContext.log ContextListener: attributeAdded('StockTicker', 'async.Stockticker@60acd609')
18-Apr-2019 17:26:30.248 資訊 [main] org.apache.catalina.core.ApplicationContext.log SessionListener: contextDestroyed()
18-Apr-2019 17:26:30.249 資訊 [main] org.apache.catalina.core.ApplicationContext.log ContextListener: contextDestroyed()
